#
# There is insufficient memory for the Java Runtime Environment to continue.
# Native memory allocation (malloc) failed to allocate 495984 bytes. Error detail: Chunk::new
# Possible reasons:
#   The system is out of physical RAM or swap space
#   This process is running with CompressedOops enabled, and the Java Heap may be blocking the growth of the native heap
# Possible solutions:
#   Reduce memory load on the system
#   Increase physical memory or swap space
#   Check if swap backing store is full
#   Decrease Java heap size (-Xmx/-Xms)
#   Decrease number of Java threads
#   Decrease Java thread stack sizes (-Xss)
#   Set larger code cache with -XX:ReservedCodeCacheSize=
#   JVM is running with Unscaled Compressed Oops mode in which the Java heap is
#     placed in the first 4GB address space. The Java Heap base address is the
#     maximum limit for the native heap growth. Please use -XX:HeapBaseMinAddress
#     to set the Java Heap base and to place the Java Heap above 4GB virtual address.
# This output file may be truncated or incomplete.
#
#  Out of Memory Error (arena.cpp:168), pid=8808, tid=13144
#
# JRE version: OpenJDK Runtime Environment (21.0.5) (build 21.0.5+-13047016-b750.29)
# Java VM: OpenJDK 64-Bit Server VM (21.0.5+-13047016-b750.29, mixed mode, tiered, compressed oops, compressed class ptrs, g1 gc, windows-amd64)
# No core dump will be written. Minidumps are not enabled by default on client versions of Windows
#

---------------  S U M M A R Y ------------

Command Line: --add-opens=java.base/java.lang=ALL-UNNAMED --add-opens=java.base/java.lang.invoke=ALL-UNNAMED --add-opens=java.base/java.util=ALL-UNNAMED --add-opens=java.prefs/java.util.prefs=ALL-UNNAMED --add-exports=jdk.compiler/com.sun.tools.javac.api=ALL-UNNAMED --add-exports=jdk.compiler/com.sun.tools.javac.util=ALL-UNNAMED --add-opens=java.base/java.util=ALL-UNNAMED --add-opens=java.prefs/java.util.prefs=ALL-UNNAMED --add-opens=java.base/java.nio.charset=ALL-UNNAMED --add-opens=java.base/java.net=ALL-UNNAMED --add-opens=java.base/java.util.concurrent.atomic=ALL-UNNAMED --add-opens=java.xml/javax.xml.namespace=ALL-UNNAMED -Xmx1536M -Dfile.encoding=UTF-8 -Duser.country=RU -Duser.language=ru -Duser.variant -javaagent:C:\Users\Huawei\.gradle\wrapper\dists\gradle-8.11.1-bin\bpt9gzteqjrbo1mjrsomdt32c\gradle-8.11.1\lib\agents\gradle-instrumentation-agent-8.11.1.jar org.gradle.launcher.daemon.bootstrap.GradleDaemon 8.11.1

Host: 11th Gen Intel(R) Core(TM) i3-1115G4 @ 3.00GHz, 4 cores, 7G,  Windows 11 , 64 bit Build 26100 (10.0.26100.6725)
Time: Wed Oct 29 21:44:09 2025  Windows 11 , 64 bit Build 26100 (10.0.26100.6725) elapsed time: 15.980778 seconds (0d 0h 0m 15s)

---------------  T H R E A D  ---------------

Current thread (0x000001ecfde38380):  JavaThread "C2 CompilerThread1" daemon [_thread_in_native, id=13144, stack(0x000000cac0100000,0x000000cac0200000) (1024K)]


Current CompileTask:
C2:15980 11035       4       org.objectweb.asm.MethodWriter::visitJumpInsn (495 bytes)

Stack: [0x000000cac0100000,0x000000cac0200000]
Native frames: (J=compiled Java code, j=interpreted, Vv=VM code, C=native code)
V  [jvm.dll+0x6cfb29]
V  [jvm.dll+0x85df93]
V  [jvm.dll+0x8604ee]
V  [jvm.dll+0x860bd3]
V  [jvm.dll+0x27e6b6]
V  [jvm.dll+0xbff6d]
V  [jvm.dll+0xc04a3]
V  [jvm.dll+0x3b5ffb]
V  [jvm.dll+0x381f97]
V  [jvm.dll+0x38140a]
V  [jvm.dll+0x247c62]
V  [jvm.dll+0x247231]
V  [jvm.dll+0x1c5ee4]
V  [jvm.dll+0x25697c]
V  [jvm.dll+0x254ec6]
V  [jvm.dll+0x3f0ce6]
V  [jvm.dll+0x806368]
V  [jvm.dll+0x6ce3fd]
C  [ucrtbase.dll+0x37b0]
C  [KERNEL32.DLL+0x2e8d7]
C  [ntdll.dll+0x8c53c]


---------------  P R O C E S S  ---------------

Threads class SMR info:
_java_thread_list=0x000001ecfb91d660, length=58, elements={
0x000001ecdcadb990, 0x000001ecf30a8710, 0x000001ecf30a9160, 0x000001ecf30d9ca0,
0x000001ecf30dcb70, 0x000001ecf30dd5c0, 0x000001ecf30fc2e0, 0x000001ecf3100690,
0x000001ecf3102710, 0x000001ecf3244a60, 0x000001ecf348e7c0, 0x000001ecf90c4bd0,
0x000001ecf84d3ad0, 0x000001ecf9111a20, 0x000001ecf84d4f10, 0x000001ecf92ece30,
0x000001ecf9210740, 0x000001ecf9210da0, 0x000001ecf9246270, 0x000001ecf921b840,
0x000001ecf929cdf0, 0x000001ecf929c760, 0x000001ecf929b3b0, 0x000001ecf9299970,
0x000001ecf929a000, 0x000001ecf929a690, 0x000001ecf929ad20, 0x000001ecf929ba40,
0x000001ecf929c0d0, 0x000001ecf99f7060, 0x000001ecf99f76f0, 0x000001ecf99fab70,
0x000001ecf99f8410, 0x000001ecf99f9130, 0x000001ecf99f97c0, 0x000001ecf99f8aa0,
0x000001ecf99f7d80, 0x000001ecf99fb890, 0x000001ecf99fbf20, 0x000001ecf99fc5b0,
0x000001ecf99fcc40, 0x000001ecf99fdff0, 0x000001ecf99fe680, 0x000001ecf99fd2d0,
0x000001ecf99fd960, 0x000001ecfc082d10, 0x000001ecfc083a30, 0x000001ecfc084750,
0x000001ecfc081ff0, 0x000001ecfc086820, 0x000001ecfc0888f0, 0x000001ecfc085b00,
0x000001ecfc0840c0, 0x000001ecfc082680, 0x000001ecfc087bd0, 0x000001ecfcf60750,
0x000001ecfcf5dff0, 0x000001ecfde38380
}

Java Threads: ( => current thread )
  0x000001ecdcadb990 JavaThread "main"                              [_thread_blocked, id=10116, stack(0x000000cabd300000,0x000000cabd400000) (1024K)]
  0x000001ecf30a8710 JavaThread "Reference Handler"          daemon [_thread_blocked, id=7856, stack(0x000000cabdb00000,0x000000cabdc00000) (1024K)]
  0x000001ecf30a9160 JavaThread "Finalizer"                  daemon [_thread_blocked, id=1232, stack(0x000000cabdc00000,0x000000cabdd00000) (1024K)]
  0x000001ecf30d9ca0 JavaThread "Signal Dispatcher"          daemon [_thread_blocked, id=5640, stack(0x000000cabdd00000,0x000000cabde00000) (1024K)]
  0x000001ecf30dcb70 JavaThread "Attach Listener"            daemon [_thread_blocked, id=13916, stack(0x000000cabde00000,0x000000cabdf00000) (1024K)]
  0x000001ecf30dd5c0 JavaThread "Service Thread"             daemon [_thread_blocked, id=13580, stack(0x000000cabdf00000,0x000000cabe000000) (1024K)]
  0x000001ecf30fc2e0 JavaThread "Monitor Deflation Thread"   daemon [_thread_blocked, id=1724, stack(0x000000cabe000000,0x000000cabe100000) (1024K)]
  0x000001ecf3100690 JavaThread "C2 CompilerThread0"         daemon [_thread_in_native, id=1104, stack(0x000000cabe100000,0x000000cabe200000) (1024K)]
  0x000001ecf3102710 JavaThread "C1 CompilerThread0"         daemon [_thread_in_vm, id=10048, stack(0x000000cabe200000,0x000000cabe300000) (1024K)]
  0x000001ecf3244a60 JavaThread "Common-Cleaner"             daemon [_thread_blocked, id=14908, stack(0x000000cabe300000,0x000000cabe400000) (1024K)]
  0x000001ecf348e7c0 JavaThread "Notification Thread"        daemon [_thread_blocked, id=15192, stack(0x000000cabe400000,0x000000cabe500000) (1024K)]
  0x000001ecf90c4bd0 JavaThread "Daemon health stats"               [_thread_blocked, id=15968, stack(0x000000cabe900000,0x000000cabea00000) (1024K)]
  0x000001ecf84d3ad0 JavaThread "Incoming local TCP Connector on port 30073"        [_thread_in_native, id=14484, stack(0x000000cabea00000,0x000000cabeb00000) (1024K)]
  0x000001ecf9111a20 JavaThread "Daemon periodic checks"            [_thread_blocked, id=9668, stack(0x000000cabeb00000,0x000000cabec00000) (1024K)]
  0x000001ecf84d4f10 JavaThread "Daemon"                            [_thread_blocked, id=9788, stack(0x000000cabec00000,0x000000cabed00000) (1024K)]
  0x000001ecf92ece30 JavaThread "Handler for socket connection from /127.0.0.1:30073 to /127.0.0.1:30074"        [_thread_in_native, id=1644, stack(0x000000cabed00000,0x000000cabee00000) (1024K)]
  0x000001ecf9210740 JavaThread "Cancel handler"                    [_thread_blocked, id=6768, stack(0x000000cabee00000,0x000000cabef00000) (1024K)]
  0x000001ecf9210da0 JavaThread "Daemon worker"                     [_thread_in_Java, id=11456, stack(0x000000cabef00000,0x000000cabf000000) (1024K)]
  0x000001ecf9246270 JavaThread "Asynchronous log dispatcher for DefaultDaemonConnection: socket connection from /127.0.0.1:30073 to /127.0.0.1:30074"        [_thread_blocked, id=1892, stack(0x000000cabf000000,0x000000cabf100000) (1024K)]
  0x000001ecf921b840 JavaThread "Stdin handler"                     [_thread_blocked, id=3676, stack(0x000000cabf100000,0x000000cabf200000) (1024K)]
  0x000001ecf929cdf0 JavaThread "Daemon client event forwarder"        [_thread_blocked, id=7920, stack(0x000000cabf200000,0x000000cabf300000) (1024K)]
  0x000001ecf929c760 JavaThread "Cache worker for journal cache (C:\Users\Huawei\.gradle\caches\journal-1)"        [_thread_blocked, id=10148, stack(0x000000cabf300000,0x000000cabf400000) (1024K)]
  0x000001ecf929b3b0 JavaThread "File lock request listener"        [_thread_in_native, id=15520, stack(0x000000cabf400000,0x000000cabf500000) (1024K)]
  0x000001ecf9299970 JavaThread "Cache worker for file hash cache (C:\Users\Huawei\.gradle\caches\8.11.1\fileHashes)"        [_thread_blocked, id=14140, stack(0x000000cabf500000,0x000000cabf600000) (1024K)]
  0x000001ecf929a000 JavaThread "Cache worker for file content cache (C:\Users\Huawei\.gradle\caches\8.11.1\fileContent)"        [_thread_blocked, id=11484, stack(0x000000cabf600000,0x000000cabf700000) (1024K)]
  0x000001ecf929a690 JavaThread "Cache worker for file hash cache (C:\Users\Huawei\AndroidStudioProjects\CourseApp\.gradle\8.11.1\fileHashes)"        [_thread_blocked, id=12672, stack(0x000000cabf700000,0x000000cabf800000) (1024K)]
  0x000001ecf929ad20 JavaThread "Cache worker for Build Output Cleanup Cache (C:\Users\Huawei\AndroidStudioProjects\CourseApp\.gradle\buildOutputCleanup)"        [_thread_blocked, id=7908, stack(0x000000cabf800000,0x000000cabf900000) (1024K)]
  0x000001ecf929ba40 JavaThread "File watcher server"        daemon [_thread_in_native, id=15576, stack(0x000000cabf900000,0x000000cabfa00000) (1024K)]
  0x000001ecf929c0d0 JavaThread "File watcher consumer"      daemon [_thread_blocked, id=14728, stack(0x000000cabfa00000,0x000000cabfb00000) (1024K)]
  0x000001ecf99f7060 JavaThread "jar transforms"                    [_thread_blocked, id=1180, stack(0x000000cabfb00000,0x000000cabfc00000) (1024K)]
  0x000001ecf99f76f0 JavaThread "jar transforms Thread 2"           [_thread_blocked, id=2580, stack(0x000000cabfc00000,0x000000cabfd00000) (1024K)]
  0x000001ecf99fab70 JavaThread "jar transforms Thread 3"           [_thread_blocked, id=2860, stack(0x000000cabfd00000,0x000000cabfe00000) (1024K)]
  0x000001ecf99f8410 JavaThread "jar transforms Thread 4"           [_thread_blocked, id=13608, stack(0x000000cabfe00000,0x000000cabff00000) (1024K)]
  0x000001ecf99f9130 JavaThread "Cache worker for checksums cache (C:\Users\Huawei\AndroidStudioProjects\CourseApp\.gradle\8.11.1\checksums)"        [_thread_blocked, id=11520, stack(0x000000cabe700000,0x000000cabe800000) (1024K)]
  0x000001ecf99f97c0 JavaThread "Cache worker for cache directory md-rule (C:\Users\Huawei\.gradle\caches\8.11.1\md-rule)"        [_thread_blocked, id=13040, stack(0x000000cabff00000,0x000000cac0000000) (1024K)]
  0x000001ecf99f8aa0 JavaThread "Cache worker for cache directory md-supplier (C:\Users\Huawei\.gradle\caches\8.11.1\md-supplier)"        [_thread_blocked, id=15568, stack(0x000000cac0000000,0x000000cac0100000) (1024K)]
  0x000001ecf99f7d80 JavaThread "Unconstrained build operations"        [_thread_blocked, id=13760, stack(0x000000cac0200000,0x000000cac0300000) (1024K)]
  0x000001ecf99fb890 JavaThread "Unconstrained build operations Thread 2"        [_thread_blocked, id=3836, stack(0x000000cac0300000,0x000000cac0400000) (1024K)]
  0x000001ecf99fbf20 JavaThread "Unconstrained build operations Thread 3"        [_thread_blocked, id=7176, stack(0x000000cac0400000,0x000000cac0500000) (1024K)]
  0x000001ecf99fc5b0 JavaThread "Unconstrained build operations Thread 4"        [_thread_blocked, id=9020, stack(0x000000cac0500000,0x000000cac0600000) (1024K)]
  0x000001ecf99fcc40 JavaThread "Unconstrained build operations Thread 5"        [_thread_blocked, id=6364, stack(0x000000cac0600000,0x000000cac0700000) (1024K)]
  0x000001ecf99fdff0 JavaThread "Unconstrained build operations Thread 6"        [_thread_blocked, id=17132, stack(0x000000cac0700000,0x000000cac0800000) (1024K)]
  0x000001ecf99fe680 JavaThread "Unconstrained build operations Thread 7"        [_thread_blocked, id=7960, stack(0x000000cac0800000,0x000000cac0900000) (1024K)]
  0x000001ecf99fd2d0 JavaThread "Unconstrained build operations Thread 8"        [_thread_blocked, id=1064, stack(0x000000cac0900000,0x000000cac0a00000) (1024K)]
  0x000001ecf99fd960 JavaThread "Unconstrained build operations Thread 9"        [_thread_blocked, id=1420, stack(0x000000cac0a00000,0x000000cac0b00000) (1024K)]
  0x000001ecfc082d10 JavaThread "Unconstrained build operations Thread 10"        [_thread_blocked, id=756, stack(0x000000cac0b00000,0x000000cac0c00000) (1024K)]
  0x000001ecfc083a30 JavaThread "Unconstrained build operations Thread 11"        [_thread_blocked, id=2260, stack(0x000000cac0c00000,0x000000cac0d00000) (1024K)]
  0x000001ecfc084750 JavaThread "Unconstrained build operations Thread 12"        [_thread_blocked, id=16264, stack(0x000000cac0d00000,0x000000cac0e00000) (1024K)]
  0x000001ecfc081ff0 JavaThread "Unconstrained build operations Thread 13"        [_thread_blocked, id=1360, stack(0x000000cac0e00000,0x000000cac0f00000) (1024K)]
  0x000001ecfc086820 JavaThread "Unconstrained build operations Thread 14"        [_thread_blocked, id=3788, stack(0x000000cac0f00000,0x000000cac1000000) (1024K)]
  0x000001ecfc0888f0 JavaThread "Unconstrained build operations Thread 15"        [_thread_blocked, id=12880, stack(0x000000cac1000000,0x000000cac1100000) (1024K)]
  0x000001ecfc085b00 JavaThread "Unconstrained build operations Thread 16"        [_thread_blocked, id=7044, stack(0x000000cac1100000,0x000000cac1200000) (1024K)]
  0x000001ecfc0840c0 JavaThread "Unconstrained build operations Thread 17"        [_thread_blocked, id=8564, stack(0x000000cac1200000,0x000000cac1300000) (1024K)]
  0x000001ecfc082680 JavaThread "Unconstrained build operations Thread 18"        [_thread_blocked, id=13004, stack(0x000000cac1300000,0x000000cac1400000) (1024K)]
  0x000001ecfc087bd0 JavaThread "Unconstrained build operations Thread 19"        [_thread_blocked, id=10964, stack(0x000000cac1400000,0x000000cac1500000) (1024K)]
  0x000001ecfcf60750 JavaThread "Memory manager"                    [_thread_blocked, id=15156, stack(0x000000cac1500000,0x000000cac1600000) (1024K)]
  0x000001ecfcf5dff0 JavaThread "build event listener"              [_thread_blocked, id=3860, stack(0x000000cac1600000,0x000000cac1700000) (1024K)]
=>0x000001ecfde38380 JavaThread "C2 CompilerThread1"         daemon [_thread_in_native, id=13144, stack(0x000000cac0100000,0x000000cac0200000) (1024K)]
Total: 58

Other Threads:
  0x000001ecf2f02ee0 VMThread "VM Thread"                           [id=12252, stack(0x000000cabda00000,0x000000cabdb00000) (1024K)]
  0x000001ecf2eb45d0 WatcherThread "VM Periodic Task Thread"        [id=3404, stack(0x000000cabd900000,0x000000cabda00000) (1024K)]
  0x000001ecdcb24ac0 WorkerThread "GC Thread#0"                     [id=13624, stack(0x000000cabd400000,0x000000cabd500000) (1024K)]
  0x000001ecf3694c60 WorkerThread "GC Thread#1"                     [id=14932, stack(0x000000cabe500000,0x000000cabe600000) (1024K)]
  0x000001ecf3695000 WorkerThread "GC Thread#2"                     [id=3120, stack(0x000000cabe600000,0x000000cabe700000) (1024K)]
  0x000001ecf84771f0 WorkerThread "GC Thread#3"                     [id=12276, stack(0x000000cabe800000,0x000000cabe900000) (1024K)]
  0x000001ecdcb319b0 ConcurrentGCThread "G1 Main Marker"            [id=15728, stack(0x000000cabd500000,0x000000cabd600000) (1024K)]
  0x000001ecdcb323c0 WorkerThread "G1 Conc#0"                       [id=15072, stack(0x000000cabd600000,0x000000cabd700000) (1024K)]
  0x000001ecdcb9e460 ConcurrentGCThread "G1 Refine#0"               [id=7216, stack(0x000000cabd700000,0x000000cabd800000) (1024K)]
  0x000001ecf2d844d0 ConcurrentGCThread "G1 Service"                [id=9820, stack(0x000000cabd800000,0x000000cabd900000) (1024K)]
Total: 10

Threads with active compile tasks:
C2 CompilerThread0  16000 11036       4       org.gradle.api.internal.attributes.DefaultImmutableAttributesFactory::lambda$doConcatIsolatable$0 (118 bytes)
C2 CompilerThread1  16000 11035       4       org.objectweb.asm.MethodWriter::visitJumpInsn (495 bytes)
Total: 2

VM state: not at safepoint (normal execution)

VM Mutex/Monitor currently owned by a thread: None

Heap address: 0x00000000a0000000, size: 1536 MB, Compressed Oops mode: 32-bit

CDS archive(s) not mapped
Compressed class space mapped at: 0x0000000100000000-0x0000000140000000, reserved size: 1073741824
Narrow klass base: 0x0000000000000000, Narrow klass shift: 3, Narrow klass range: 0x140000000

GC Precious Log:
 CardTable entry size: 512
 Card Set container configuration: InlinePtr #cards 5 size 8 Array Of Cards #cards 12 size 40 Howl #buckets 4 coarsen threshold 1843 Howl Bitmap #cards 512 size 80 coarsen threshold 460 Card regions per heap region 1 cards per card region 2048
 CPUs: 4 total, 4 available
 Memory: 7991M
 Large Page Support: Disabled
 NUMA Support: Disabled
 Compressed Oops: Enabled (32-bit)
 Heap Region Size: 1M
 Heap Min Capacity: 8M
 Heap Initial Capacity: 126M
 Heap Max Capacity: 1536M
 Pre-touch: Disabled
 Parallel Workers: 4
 Concurrent Workers: 1
 Concurrent Refinement Workers: 4
 Periodic GC: Disabled

Heap:
 garbage-first heap   total 206848K, used 186967K [0x00000000a0000000, 0x0000000100000000)
  region size 1024K, 60 young (61440K), 3 survivors (3072K)
 Metaspace       used 104287K, committed 106496K, reserved 1179648K
  class space    used 14219K, committed 15360K, reserved 1048576K

Heap Regions: E=young(eden), S=young(survivor), O=old, HS=humongous(starts), HC=humongous(continues), CS=collection set, F=free, TAMS=top-at-mark-start, PB=parsable bottom
|   0|0x00000000a0000000, 0x00000000a0100000, 0x00000000a0100000|100%|HS|  |TAMS 0x00000000a0000000| PB 0x00000000a0000000| Complete 
|   1|0x00000000a0100000, 0x00000000a0200000, 0x00000000a0200000|100%|HC|  |TAMS 0x00000000a0100000| PB 0x00000000a0100000| Complete 
|   2|0x00000000a0200000, 0x00000000a0300000, 0x00000000a0300000|100%|HC|  |TAMS 0x00000000a0200000| PB 0x00000000a0200000| Complete 
|   3|0x00000000a0300000, 0x00000000a0400000, 0x00000000a0400000|100%| O|  |TAMS 0x00000000a0300000| PB 0x00000000a0300000| Untracked 
|   4|0x00000000a0400000, 0x00000000a0500000, 0x00000000a0500000|100%| O|  |TAMS 0x00000000a0400000| PB 0x00000000a0400000| Untracked 
|   5|0x00000000a0500000, 0x00000000a0600000, 0x00000000a0600000|100%| O|  |TAMS 0x00000000a0500000| PB 0x00000000a0500000| Untracked 
|   6|0x00000000a0600000, 0x00000000a0700000, 0x00000000a0700000|100%|HS|  |TAMS 0x00000000a0600000| PB 0x00000000a0600000| Complete 
|   7|0x00000000a0700000, 0x00000000a0800000, 0x00000000a0800000|100%| O|  |TAMS 0x00000000a0700000| PB 0x00000000a0700000| Untracked 
|   8|0x00000000a0800000, 0x00000000a0900000, 0x00000000a0900000|100%| O|  |TAMS 0x00000000a0800000| PB 0x00000000a0800000| Untracked 
|   9|0x00000000a0900000, 0x00000000a0a00000, 0x00000000a0a00000|100%| O|  |TAMS 0x00000000a0900000| PB 0x00000000a0900000| Untracked 
|  10|0x00000000a0a00000, 0x00000000a0b00000, 0x00000000a0b00000|100%| O|  |TAMS 0x00000000a0a00000| PB 0x00000000a0a00000| Untracked 
|  11|0x00000000a0b00000, 0x00000000a0c00000, 0x00000000a0c00000|100%| O|  |TAMS 0x00000000a0b00000| PB 0x00000000a0b00000| Untracked 
|  12|0x00000000a0c00000, 0x00000000a0d00000, 0x00000000a0d00000|100%| O|  |TAMS 0x00000000a0c00000| PB 0x00000000a0c00000| Untracked 
|  13|0x00000000a0d00000, 0x00000000a0e00000, 0x00000000a0e00000|100%| O|  |TAMS 0x00000000a0d00000| PB 0x00000000a0d00000| Untracked 
|  14|0x00000000a0e00000, 0x00000000a0f00000, 0x00000000a0f00000|100%| O|  |TAMS 0x00000000a0e00000| PB 0x00000000a0e00000| Untracked 
|  15|0x00000000a0f00000, 0x00000000a1000000, 0x00000000a1000000|100%| O|  |TAMS 0x00000000a0f00000| PB 0x00000000a0f00000| Untracked 
|  16|0x00000000a1000000, 0x00000000a1100000, 0x00000000a1100000|100%| O|  |TAMS 0x00000000a1000000| PB 0x00000000a1000000| Untracked 
|  17|0x00000000a1100000, 0x00000000a1200000, 0x00000000a1200000|100%| O|  |TAMS 0x00000000a1100000| PB 0x00000000a1100000| Untracked 
|  18|0x00000000a1200000, 0x00000000a1300000, 0x00000000a1300000|100%| O|  |TAMS 0x00000000a1200000| PB 0x00000000a1200000| Untracked 
|  19|0x00000000a1300000, 0x00000000a1400000, 0x00000000a1400000|100%| O|  |TAMS 0x00000000a1300000| PB 0x00000000a1300000| Untracked 
|  20|0x00000000a1400000, 0x00000000a1500000, 0x00000000a1500000|100%| O|  |TAMS 0x00000000a1400000| PB 0x00000000a1400000| Untracked 
|  21|0x00000000a1500000, 0x00000000a1600000, 0x00000000a1600000|100%|HS|  |TAMS 0x00000000a1500000| PB 0x00000000a1500000| Complete 
|  22|0x00000000a1600000, 0x00000000a1700000, 0x00000000a1700000|100%|HC|  |TAMS 0x00000000a1600000| PB 0x00000000a1600000| Complete 
|  23|0x00000000a1700000, 0x00000000a1800000, 0x00000000a1800000|100%|HC|  |TAMS 0x00000000a1700000| PB 0x00000000a1700000| Complete 
|  24|0x00000000a1800000, 0x00000000a1900000, 0x00000000a1900000|100%|HC|  |TAMS 0x00000000a1800000| PB 0x00000000a1800000| Complete 
|  25|0x00000000a1900000, 0x00000000a1a00000, 0x00000000a1a00000|100%|HC|  |TAMS 0x00000000a1900000| PB 0x00000000a1900000| Complete 
|  26|0x00000000a1a00000, 0x00000000a1b00000, 0x00000000a1b00000|100%|HC|  |TAMS 0x00000000a1a00000| PB 0x00000000a1a00000| Complete 
|  27|0x00000000a1b00000, 0x00000000a1c00000, 0x00000000a1c00000|100%| O|  |TAMS 0x00000000a1b00000| PB 0x00000000a1b00000| Untracked 
|  28|0x00000000a1c00000, 0x00000000a1d00000, 0x00000000a1d00000|100%| O|  |TAMS 0x00000000a1c00000| PB 0x00000000a1c00000| Untracked 
|  29|0x00000000a1d00000, 0x00000000a1e00000, 0x00000000a1e00000|100%| O|  |TAMS 0x00000000a1d00000| PB 0x00000000a1d00000| Untracked 
|  30|0x00000000a1e00000, 0x00000000a1f00000, 0x00000000a1f00000|100%|HS|  |TAMS 0x00000000a1e00000| PB 0x00000000a1e00000| Complete 
|  31|0x00000000a1f00000, 0x00000000a2000000, 0x00000000a2000000|100%|HC|  |TAMS 0x00000000a1f00000| PB 0x00000000a1f00000| Complete 
|  32|0x00000000a2000000, 0x00000000a2100000, 0x00000000a2100000|100%|HS|  |TAMS 0x00000000a2000000| PB 0x00000000a2000000| Complete 
|  33|0x00000000a2100000, 0x00000000a2200000, 0x00000000a2200000|100%| O|  |TAMS 0x00000000a2100000| PB 0x00000000a2100000| Untracked 
|  34|0x00000000a2200000, 0x00000000a2300000, 0x00000000a2300000|100%| O|  |TAMS 0x00000000a2200000| PB 0x00000000a2200000| Untracked 
|  35|0x00000000a2300000, 0x00000000a2400000, 0x00000000a2400000|100%|HS|  |TAMS 0x00000000a2300000| PB 0x00000000a2300000| Complete 
|  36|0x00000000a2400000, 0x00000000a2500000, 0x00000000a2500000|100%|HC|  |TAMS 0x00000000a2400000| PB 0x00000000a2400000| Complete 
|  37|0x00000000a2500000, 0x00000000a2600000, 0x00000000a2600000|100%|HC|  |TAMS 0x00000000a2500000| PB 0x00000000a2500000| Complete 
|  38|0x00000000a2600000, 0x00000000a2700000, 0x00000000a2700000|100%|HC|  |TAMS 0x00000000a2600000| PB 0x00000000a2600000| Complete 
|  39|0x00000000a2700000, 0x00000000a2700000, 0x00000000a2800000|  0%| F|  |TAMS 0x00000000a2700000| PB 0x00000000a2700000| Untracked 
|  40|0x00000000a2800000, 0x00000000a2900000, 0x00000000a2900000|100%| O|  |TAMS 0x00000000a2800000| PB 0x00000000a2800000| Untracked 
|  41|0x00000000a2900000, 0x00000000a2a00000, 0x00000000a2a00000|100%| O|  |TAMS 0x00000000a2900000| PB 0x00000000a2900000| Untracked 
|  42|0x00000000a2a00000, 0x00000000a2b00000, 0x00000000a2b00000|100%| O|  |TAMS 0x00000000a2a00000| PB 0x00000000a2a00000| Untracked 
|  43|0x00000000a2b00000, 0x00000000a2c00000, 0x00000000a2c00000|100%| O|  |TAMS 0x00000000a2b00000| PB 0x00000000a2b00000| Untracked 
|  44|0x00000000a2c00000, 0x00000000a2d00000, 0x00000000a2d00000|100%| O|  |TAMS 0x00000000a2c00000| PB 0x00000000a2c00000| Untracked 
|  45|0x00000000a2d00000, 0x00000000a2e00000, 0x00000000a2e00000|100%| O|  |TAMS 0x00000000a2d00000| PB 0x00000000a2d00000| Untracked 
|  46|0x00000000a2e00000, 0x00000000a2f00000, 0x00000000a2f00000|100%| O|  |TAMS 0x00000000a2e00000| PB 0x00000000a2e00000| Untracked 
|  47|0x00000000a2f00000, 0x00000000a3000000, 0x00000000a3000000|100%| O|  |TAMS 0x00000000a2f00000| PB 0x00000000a2f00000| Untracked 
|  48|0x00000000a3000000, 0x00000000a3100000, 0x00000000a3100000|100%|HS|  |TAMS 0x00000000a3000000| PB 0x00000000a3000000| Complete 
|  49|0x00000000a3100000, 0x00000000a3200000, 0x00000000a3200000|100%|HS|  |TAMS 0x00000000a3100000| PB 0x00000000a3100000| Complete 
|  50|0x00000000a3200000, 0x00000000a3300000, 0x00000000a3300000|100%|HC|  |TAMS 0x00000000a3200000| PB 0x00000000a3200000| Complete 
|  51|0x00000000a3300000, 0x00000000a3400000, 0x00000000a3400000|100%| O|  |TAMS 0x00000000a3300000| PB 0x00000000a3300000| Untracked 
|  52|0x00000000a3400000, 0x00000000a3500000, 0x00000000a3500000|100%| O|  |TAMS 0x00000000a3400000| PB 0x00000000a3400000| Untracked 
|  53|0x00000000a3500000, 0x00000000a3600000, 0x00000000a3600000|100%| O|  |TAMS 0x00000000a3500000| PB 0x00000000a3500000| Untracked 
|  54|0x00000000a3600000, 0x00000000a3700000, 0x00000000a3700000|100%| O|  |TAMS 0x00000000a3600000| PB 0x00000000a3600000| Untracked 
|  55|0x00000000a3700000, 0x00000000a3800000, 0x00000000a3800000|100%| O|  |TAMS 0x00000000a3700000| PB 0x00000000a3700000| Untracked 
|  56|0x00000000a3800000, 0x00000000a3900000, 0x00000000a3900000|100%| O|  |TAMS 0x00000000a3800000| PB 0x00000000a3800000| Untracked 
|  57|0x00000000a3900000, 0x00000000a3a00000, 0x00000000a3a00000|100%| O|  |TAMS 0x00000000a3900000| PB 0x00000000a3900000| Untracked 
|  58|0x00000000a3a00000, 0x00000000a3b00000, 0x00000000a3b00000|100%| O|  |TAMS 0x00000000a3a00000| PB 0x00000000a3a00000| Untracked 
|  59|0x00000000a3b00000, 0x00000000a3b00000, 0x00000000a3c00000|  0%| F|  |TAMS 0x00000000a3b00000| PB 0x00000000a3b00000| Untracked 
|  60|0x00000000a3c00000, 0x00000000a3d00000, 0x00000000a3d00000|100%| O|  |TAMS 0x00000000a3c00000| PB 0x00000000a3c00000| Untracked 
|  61|0x00000000a3d00000, 0x00000000a3e00000, 0x00000000a3e00000|100%| O|  |TAMS 0x00000000a3d00000| PB 0x00000000a3d00000| Untracked 
|  62|0x00000000a3e00000, 0x00000000a3f00000, 0x00000000a3f00000|100%| O|  |TAMS 0x00000000a3e00000| PB 0x00000000a3e00000| Untracked 
|  63|0x00000000a3f00000, 0x00000000a4000000, 0x00000000a4000000|100%|HS|  |TAMS 0x00000000a3f00000| PB 0x00000000a3f00000| Complete 
|  64|0x00000000a4000000, 0x00000000a4100000, 0x00000000a4100000|100%|HC|  |TAMS 0x00000000a4000000| PB 0x00000000a4000000| Complete 
|  65|0x00000000a4100000, 0x00000000a4200000, 0x00000000a4200000|100%|HC|  |TAMS 0x00000000a4100000| PB 0x00000000a4100000| Complete 
|  66|0x00000000a4200000, 0x00000000a4300000, 0x00000000a4300000|100%|HC|  |TAMS 0x00000000a4200000| PB 0x00000000a4200000| Complete 
|  67|0x00000000a4300000, 0x00000000a4400000, 0x00000000a4400000|100%|HC|  |TAMS 0x00000000a4300000| PB 0x00000000a4300000| Complete 
|  68|0x00000000a4400000, 0x00000000a4500000, 0x00000000a4500000|100%|HC|  |TAMS 0x00000000a4400000| PB 0x00000000a4400000| Complete 
|  69|0x00000000a4500000, 0x00000000a4600000, 0x00000000a4600000|100%| O|  |TAMS 0x00000000a4500000| PB 0x00000000a4500000| Untracked 
|  70|0x00000000a4600000, 0x00000000a4700000, 0x00000000a4700000|100%| O|  |TAMS 0x00000000a4600000| PB 0x00000000a4600000| Untracked 
|  71|0x00000000a4700000, 0x00000000a4800000, 0x00000000a4800000|100%| O|  |TAMS 0x00000000a4700000| PB 0x00000000a4700000| Untracked 
|  72|0x00000000a4800000, 0x00000000a4900000, 0x00000000a4900000|100%|HS|  |TAMS 0x00000000a4800000| PB 0x00000000a4800000| Complete 
|  73|0x00000000a4900000, 0x00000000a4a00000, 0x00000000a4a00000|100%|HS|  |TAMS 0x00000000a4900000| PB 0x00000000a4900000| Complete 
|  74|0x00000000a4a00000, 0x00000000a4b00000, 0x00000000a4b00000|100%| O|  |TAMS 0x00000000a4a00000| PB 0x00000000a4a00000| Untracked 
|  75|0x00000000a4b00000, 0x00000000a4c00000, 0x00000000a4c00000|100%| O|  |TAMS 0x00000000a4b00000| PB 0x00000000a4b00000| Untracked 
|  76|0x00000000a4c00000, 0x00000000a4d00000, 0x00000000a4d00000|100%|HS|  |TAMS 0x00000000a4c00000| PB 0x00000000a4c00000| Complete 
|  77|0x00000000a4d00000, 0x00000000a4e00000, 0x00000000a4e00000|100%|HC|  |TAMS 0x00000000a4d00000| PB 0x00000000a4d00000| Complete 
|  78|0x00000000a4e00000, 0x00000000a4f00000, 0x00000000a4f00000|100%|HS|  |TAMS 0x00000000a4e00000| PB 0x00000000a4e00000| Complete 
|  79|0x00000000a4f00000, 0x00000000a5000000, 0x00000000a5000000|100%|HC|  |TAMS 0x00000000a4f00000| PB 0x00000000a4f00000| Complete 
|  80|0x00000000a5000000, 0x00000000a5100000, 0x00000000a5100000|100%|HS|  |TAMS 0x00000000a5000000| PB 0x00000000a5000000| Complete 
|  81|0x00000000a5100000, 0x00000000a5200000, 0x00000000a5200000|100%| O|  |TAMS 0x00000000a5100000| PB 0x00000000a5100000| Untracked 
|  82|0x00000000a5200000, 0x00000000a5300000, 0x00000000a5300000|100%| O|  |TAMS 0x00000000a5200000| PB 0x00000000a5200000| Untracked 
|  83|0x00000000a5300000, 0x00000000a5400000, 0x00000000a5400000|100%| O|  |TAMS 0x00000000a5300000| PB 0x00000000a5300000| Untracked 
|  84|0x00000000a5400000, 0x00000000a5500000, 0x00000000a5500000|100%| O|  |TAMS 0x00000000a5400000| PB 0x00000000a5400000| Untracked 
|  85|0x00000000a5500000, 0x00000000a5600000, 0x00000000a5600000|100%| O|  |TAMS 0x00000000a5500000| PB 0x00000000a5500000| Untracked 
|  86|0x00000000a5600000, 0x00000000a5700000, 0x00000000a5700000|100%|HS|  |TAMS 0x00000000a5600000| PB 0x00000000a5600000| Complete 
|  87|0x00000000a5700000, 0x00000000a5800000, 0x00000000a5800000|100%|HC|  |TAMS 0x00000000a5700000| PB 0x00000000a5700000| Complete 
|  88|0x00000000a5800000, 0x00000000a5900000, 0x00000000a5900000|100%|HC|  |TAMS 0x00000000a5800000| PB 0x00000000a5800000| Complete 
|  89|0x00000000a5900000, 0x00000000a5a00000, 0x00000000a5a00000|100%|HS|  |TAMS 0x00000000a5900000| PB 0x00000000a5900000| Complete 
|  90|0x00000000a5a00000, 0x00000000a5b00000, 0x00000000a5b00000|100%|HC|  |TAMS 0x00000000a5a00000| PB 0x00000000a5a00000| Complete 
|  91|0x00000000a5b00000, 0x00000000a5c00000, 0x00000000a5c00000|100%|HC|  |TAMS 0x00000000a5b00000| PB 0x00000000a5b00000| Complete 
|  92|0x00000000a5c00000, 0x00000000a5d00000, 0x00000000a5d00000|100%|HC|  |TAMS 0x00000000a5c00000| PB 0x00000000a5c00000| Complete 
|  93|0x00000000a5d00000, 0x00000000a5e00000, 0x00000000a5e00000|100%|HC|  |TAMS 0x00000000a5d00000| PB 0x00000000a5d00000| Complete 
|  94|0x00000000a5e00000, 0x00000000a5f00000, 0x00000000a5f00000|100%|HC|  |TAMS 0x00000000a5e00000| PB 0x00000000a5e00000| Complete 
|  95|0x00000000a5f00000, 0x00000000a6000000, 0x00000000a6000000|100%| O|  |TAMS 0x00000000a5f00000| PB 0x00000000a5f00000| Untracked 
|  96|0x00000000a6000000, 0x00000000a6100000, 0x00000000a6100000|100%|HS|  |TAMS 0x00000000a6000000| PB 0x00000000a6000000| Complete 
|  97|0x00000000a6100000, 0x00000000a6200000, 0x00000000a6200000|100%|HS|  |TAMS 0x00000000a6100000| PB 0x00000000a6100000| Complete 
|  98|0x00000000a6200000, 0x00000000a6300000, 0x00000000a6300000|100%| O|  |TAMS 0x00000000a6200000| PB 0x00000000a6200000| Untracked 
|  99|0x00000000a6300000, 0x00000000a6400000, 0x00000000a6400000|100%| O|  |TAMS 0x00000000a6300000| PB 0x00000000a6300000| Untracked 
| 100|0x00000000a6400000, 0x00000000a6500000, 0x00000000a6500000|100%| O|  |TAMS 0x00000000a6400000| PB 0x00000000a6400000| Untracked 
| 101|0x00000000a6500000, 0x00000000a6600000, 0x00000000a6600000|100%| O|  |TAMS 0x00000000a6500000| PB 0x00000000a6500000| Untracked 
| 102|0x00000000a6600000, 0x00000000a6700000, 0x00000000a6700000|100%| O|  |TAMS 0x00000000a6600000| PB 0x00000000a6600000| Untracked 
| 103|0x00000000a6700000, 0x00000000a6800000, 0x00000000a6800000|100%|HS|  |TAMS 0x00000000a6700000| PB 0x00000000a6700000| Complete 
| 104|0x00000000a6800000, 0x00000000a6900000, 0x00000000a6900000|100%| O|  |TAMS 0x00000000a6800000| PB 0x00000000a6800000| Untracked 
| 105|0x00000000a6900000, 0x00000000a6a00000, 0x00000000a6a00000|100%| O|  |TAMS 0x00000000a6900000| PB 0x00000000a6900000| Untracked 
| 106|0x00000000a6a00000, 0x00000000a6b00000, 0x00000000a6b00000|100%| O|  |TAMS 0x00000000a6a00000| PB 0x00000000a6a00000| Untracked 
| 107|0x00000000a6b00000, 0x00000000a6c00000, 0x00000000a6c00000|100%| O|  |TAMS 0x00000000a6b00000| PB 0x00000000a6b00000| Untracked 
| 108|0x00000000a6c00000, 0x00000000a6d00000, 0x00000000a6d00000|100%|HS|  |TAMS 0x00000000a6c00000| PB 0x00000000a6c00000| Complete 
| 109|0x00000000a6d00000, 0x00000000a6e00000, 0x00000000a6e00000|100%|HC|  |TAMS 0x00000000a6d00000| PB 0x00000000a6d00000| Complete 
| 110|0x00000000a6e00000, 0x00000000a6f00000, 0x00000000a6f00000|100%|HC|  |TAMS 0x00000000a6e00000| PB 0x00000000a6e00000| Complete 
| 111|0x00000000a6f00000, 0x00000000a7000000, 0x00000000a7000000|100%| O|  |TAMS 0x00000000a6f00000| PB 0x00000000a6f00000| Untracked 
| 112|0x00000000a7000000, 0x00000000a7100000, 0x00000000a7100000|100%| O|  |TAMS 0x00000000a7000000| PB 0x00000000a7000000| Untracked 
| 113|0x00000000a7100000, 0x00000000a7100000, 0x00000000a7200000|  0%| F|  |TAMS 0x00000000a7100000| PB 0x00000000a7100000| Untracked 
| 114|0x00000000a7200000, 0x00000000a7300000, 0x00000000a7300000|100%| O|  |TAMS 0x00000000a7200000| PB 0x00000000a7200000| Untracked 
| 115|0x00000000a7300000, 0x00000000a7400000, 0x00000000a7400000|100%| O|  |TAMS 0x00000000a7300000| PB 0x00000000a7300000| Untracked 
| 116|0x00000000a7400000, 0x00000000a7500000, 0x00000000a7500000|100%| O|  |TAMS 0x00000000a7400000| PB 0x00000000a7400000| Untracked 
| 117|0x00000000a7500000, 0x00000000a7600000, 0x00000000a7600000|100%| O|  |TAMS 0x00000000a7500000| PB 0x00000000a7500000| Untracked 
| 118|0x00000000a7600000, 0x00000000a7700000, 0x00000000a7700000|100%| O|  |TAMS 0x00000000a7600000| PB 0x00000000a7600000| Untracked 
| 119|0x00000000a7700000, 0x00000000a7800000, 0x00000000a7800000|100%| O|  |TAMS 0x00000000a7700000| PB 0x00000000a7700000| Untracked 
| 120|0x00000000a7800000, 0x00000000a7900000, 0x00000000a7900000|100%| O|  |TAMS 0x00000000a7800000| PB 0x00000000a7800000| Untracked 
| 121|0x00000000a7900000, 0x00000000a79533c0, 0x00000000a7a00000| 32%| O|  |TAMS 0x00000000a7900000| PB 0x00000000a7900000| Untracked 
| 122|0x00000000a7a00000, 0x00000000a7a00000, 0x00000000a7b00000|  0%| F|  |TAMS 0x00000000a7a00000| PB 0x00000000a7a00000| Untracked 
| 123|0x00000000a7b00000, 0x00000000a7b00000, 0x00000000a7c00000|  0%| F|  |TAMS 0x00000000a7b00000| PB 0x00000000a7b00000| Untracked 
| 124|0x00000000a7c00000, 0x00000000a7c00000, 0x00000000a7d00000|  0%| F|  |TAMS 0x00000000a7c00000| PB 0x00000000a7c00000| Untracked 
| 125|0x00000000a7d00000, 0x00000000a7d00000, 0x00000000a7e00000|  0%| F|  |TAMS 0x00000000a7d00000| PB 0x00000000a7d00000| Untracked 
| 126|0x00000000a7e00000, 0x00000000a7e00000, 0x00000000a7f00000|  0%| F|  |TAMS 0x00000000a7e00000| PB 0x00000000a7e00000| Untracked 
| 127|0x00000000a7f00000, 0x00000000a7f00000, 0x00000000a8000000|  0%| F|  |TAMS 0x00000000a7f00000| PB 0x00000000a7f00000| Untracked 
| 128|0x00000000a8000000, 0x00000000a8000000, 0x00000000a8100000|  0%| F|  |TAMS 0x00000000a8000000| PB 0x00000000a8000000| Untracked 
| 129|0x00000000a8100000, 0x00000000a8100000, 0x00000000a8200000|  0%| F|  |TAMS 0x00000000a8100000| PB 0x00000000a8100000| Untracked 
| 130|0x00000000a8200000, 0x00000000a8200000, 0x00000000a8300000|  0%| F|  |TAMS 0x00000000a8200000| PB 0x00000000a8200000| Untracked 
| 131|0x00000000a8300000, 0x00000000a8300000, 0x00000000a8400000|  0%| F|  |TAMS 0x00000000a8300000| PB 0x00000000a8300000| Untracked 
| 132|0x00000000a8400000, 0x00000000a8400000, 0x00000000a8500000|  0%| F|  |TAMS 0x00000000a8400000| PB 0x00000000a8400000| Untracked 
| 133|0x00000000a8500000, 0x00000000a8500000, 0x00000000a8600000|  0%| F|  |TAMS 0x00000000a8500000| PB 0x00000000a8500000| Untracked 
| 134|0x00000000a8600000, 0x00000000a8600000, 0x00000000a8700000|  0%| F|  |TAMS 0x00000000a8600000| PB 0x00000000a8600000| Untracked 
| 135|0x00000000a8700000, 0x00000000a8742880, 0x00000000a8800000| 25%| S|  |TAMS 0x00000000a8700000| PB 0x00000000a8700000| Complete 
| 136|0x00000000a8800000, 0x00000000a8900000, 0x00000000a8900000|100%| E|CS|TAMS 0x00000000a8800000| PB 0x00000000a8800000| Complete 
| 137|0x00000000a8900000, 0x00000000a8942848, 0x00000000a8a00000| 25%| E|CS|TAMS 0x00000000a8900000| PB 0x00000000a8900000| Complete 
| 138|0x00000000a8a00000, 0x00000000a8b00000, 0x00000000a8b00000|100%| E|CS|TAMS 0x00000000a8a00000| PB 0x00000000a8a00000| Complete 
| 139|0x00000000a8b00000, 0x00000000a8c00000, 0x00000000a8c00000|100%| E|CS|TAMS 0x00000000a8b00000| PB 0x00000000a8b00000| Complete 
| 140|0x00000000a8c00000, 0x00000000a8d00000, 0x00000000a8d00000|100%| E|CS|TAMS 0x00000000a8c00000| PB 0x00000000a8c00000| Complete 
| 141|0x00000000a8d00000, 0x00000000a8e00000, 0x00000000a8e00000|100%| E|CS|TAMS 0x00000000a8d00000| PB 0x00000000a8d00000| Complete 
| 142|0x00000000a8e00000, 0x00000000a8f00000, 0x00000000a8f00000|100%| E|CS|TAMS 0x00000000a8e00000| PB 0x00000000a8e00000| Complete 
| 143|0x00000000a8f00000, 0x00000000a9000000, 0x00000000a9000000|100%| E|CS|TAMS 0x00000000a8f00000| PB 0x00000000a8f00000| Complete 
| 144|0x00000000a9000000, 0x00000000a9100000, 0x00000000a9100000|100%| E|CS|TAMS 0x00000000a9000000| PB 0x00000000a9000000| Complete 
| 145|0x00000000a9100000, 0x00000000a9200000, 0x00000000a9200000|100%| E|CS|TAMS 0x00000000a9100000| PB 0x00000000a9100000| Complete 
| 146|0x00000000a9200000, 0x00000000a9300000, 0x00000000a9300000|100%| E|CS|TAMS 0x00000000a9200000| PB 0x00000000a9200000| Complete 
| 147|0x00000000a9300000, 0x00000000a9400000, 0x00000000a9400000|100%| E|CS|TAMS 0x00000000a9300000| PB 0x00000000a9300000| Complete 
| 148|0x00000000a9400000, 0x00000000a9500000, 0x00000000a9500000|100%| E|CS|TAMS 0x00000000a9400000| PB 0x00000000a9400000| Complete 
| 149|0x00000000a9500000, 0x00000000a9600000, 0x00000000a9600000|100%| E|CS|TAMS 0x00000000a9500000| PB 0x00000000a9500000| Complete 
| 150|0x00000000a9600000, 0x00000000a9700000, 0x00000000a9700000|100%| E|CS|TAMS 0x00000000a9600000| PB 0x00000000a9600000| Complete 
| 151|0x00000000a9700000, 0x00000000a9800000, 0x00000000a9800000|100%| E|CS|TAMS 0x00000000a9700000| PB 0x00000000a9700000| Complete 
| 152|0x00000000a9800000, 0x00000000a9900000, 0x00000000a9900000|100%| E|CS|TAMS 0x00000000a9800000| PB 0x00000000a9800000| Complete 
| 153|0x00000000a9900000, 0x00000000a9a00000, 0x00000000a9a00000|100%| E|CS|TAMS 0x00000000a9900000| PB 0x00000000a9900000| Complete 
| 154|0x00000000a9a00000, 0x00000000a9b00000, 0x00000000a9b00000|100%| E|CS|TAMS 0x00000000a9a00000| PB 0x00000000a9a00000| Complete 
| 155|0x00000000a9b00000, 0x00000000a9c00000, 0x00000000a9c00000|100%| E|CS|TAMS 0x00000000a9b00000| PB 0x00000000a9b00000| Complete 
| 156|0x00000000a9c00000, 0x00000000a9d00000, 0x00000000a9d00000|100%| E|CS|TAMS 0x00000000a9c00000| PB 0x00000000a9c00000| Complete 
| 157|0x00000000a9d00000, 0x00000000a9e00000, 0x00000000a9e00000|100%| E|CS|TAMS 0x00000000a9d00000| PB 0x00000000a9d00000| Complete 
| 158|0x00000000a9e00000, 0x00000000a9f00000, 0x00000000a9f00000|100%| E|CS|TAMS 0x00000000a9e00000| PB 0x00000000a9e00000| Complete 
| 159|0x00000000a9f00000, 0x00000000aa000000, 0x00000000aa000000|100%| E|CS|TAMS 0x00000000a9f00000| PB 0x00000000a9f00000| Complete 
| 160|0x00000000aa000000, 0x00000000aa100000, 0x00000000aa100000|100%| E|CS|TAMS 0x00000000aa000000| PB 0x00000000aa000000| Complete 
| 161|0x00000000aa100000, 0x00000000aa200000, 0x00000000aa200000|100%| E|CS|TAMS 0x00000000aa100000| PB 0x00000000aa100000| Complete 
| 162|0x00000000aa200000, 0x00000000aa300000, 0x00000000aa300000|100%| E|CS|TAMS 0x00000000aa200000| PB 0x00000000aa200000| Complete 
| 163|0x00000000aa300000, 0x00000000aa400000, 0x00000000aa400000|100%| E|CS|TAMS 0x00000000aa300000| PB 0x00000000aa300000| Complete 
| 164|0x00000000aa400000, 0x00000000aa500000, 0x00000000aa500000|100%| E|CS|TAMS 0x00000000aa400000| PB 0x00000000aa400000| Complete 
| 165|0x00000000aa500000, 0x00000000aa600000, 0x00000000aa600000|100%| E|CS|TAMS 0x00000000aa500000| PB 0x00000000aa500000| Complete 
| 166|0x00000000aa600000, 0x00000000aa700000, 0x00000000aa700000|100%| E|CS|TAMS 0x00000000aa600000| PB 0x00000000aa600000| Complete 
| 167|0x00000000aa700000, 0x00000000aa800000, 0x00000000aa800000|100%| E|CS|TAMS 0x00000000aa700000| PB 0x00000000aa700000| Complete 
| 168|0x00000000aa800000, 0x00000000aa900000, 0x00000000aa900000|100%| E|CS|TAMS 0x00000000aa800000| PB 0x00000000aa800000| Complete 
| 169|0x00000000aa900000, 0x00000000aaa00000, 0x00000000aaa00000|100%| E|CS|TAMS 0x00000000aa900000| PB 0x00000000aa900000| Complete 
| 170|0x00000000aaa00000, 0x00000000aab00000, 0x00000000aab00000|100%| E|CS|TAMS 0x00000000aaa00000| PB 0x00000000aaa00000| Complete 
| 171|0x00000000aab00000, 0x00000000aac00000, 0x00000000aac00000|100%| E|CS|TAMS 0x00000000aab00000| PB 0x00000000aab00000| Complete 
| 172|0x00000000aac00000, 0x00000000aad00000, 0x00000000aad00000|100%| E|CS|TAMS 0x00000000aac00000| PB 0x00000000aac00000| Complete 
| 173|0x00000000aad00000, 0x00000000aae00000, 0x00000000aae00000|100%| E|CS|TAMS 0x00000000aad00000| PB 0x00000000aad00000| Complete 
| 174|0x00000000aae00000, 0x00000000aaf00000, 0x00000000aaf00000|100%| E|CS|TAMS 0x00000000aae00000| PB 0x00000000aae00000| Complete 
| 175|0x00000000aaf00000, 0x00000000ab000000, 0x00000000ab000000|100%| E|CS|TAMS 0x00000000aaf00000| PB 0x00000000aaf00000| Complete 
| 176|0x00000000ab000000, 0x00000000ab100000, 0x00000000ab100000|100%| E|CS|TAMS 0x00000000ab000000| PB 0x00000000ab000000| Complete 
| 177|0x00000000ab100000, 0x00000000ab200000, 0x00000000ab200000|100%| E|CS|TAMS 0x00000000ab100000| PB 0x00000000ab100000| Complete 
| 178|0x00000000ab200000, 0x00000000ab300000, 0x00000000ab300000|100%| E|CS|TAMS 0x00000000ab200000| PB 0x00000000ab200000| Complete 
| 179|0x00000000ab300000, 0x00000000ab400000, 0x00000000ab400000|100%| E|CS|TAMS 0x00000000ab300000| PB 0x00000000ab300000| Complete 
| 180|0x00000000ab400000, 0x00000000ab500000, 0x00000000ab500000|100%| E|CS|TAMS 0x00000000ab400000| PB 0x00000000ab400000| Complete 
| 181|0x00000000ab500000, 0x00000000ab600000, 0x00000000ab600000|100%| E|CS|TAMS 0x00000000ab500000| PB 0x00000000ab500000| Complete 
| 182|0x00000000ab600000, 0x00000000ab700000, 0x00000000ab700000|100%| E|CS|TAMS 0x00000000ab600000| PB 0x00000000ab600000| Complete 
| 183|0x00000000ab700000, 0x00000000ab800000, 0x00000000ab800000|100%| E|CS|TAMS 0x00000000ab700000| PB 0x00000000ab700000| Complete 
| 184|0x00000000ab800000, 0x00000000ab900000, 0x00000000ab900000|100%| E|CS|TAMS 0x00000000ab800000| PB 0x00000000ab800000| Complete 
| 185|0x00000000ab900000, 0x00000000aba00000, 0x00000000aba00000|100%| E|CS|TAMS 0x00000000ab900000| PB 0x00000000ab900000| Complete 
| 186|0x00000000aba00000, 0x00000000abb00000, 0x00000000abb00000|100%| E|CS|TAMS 0x00000000aba00000| PB 0x00000000aba00000| Complete 
| 187|0x00000000abb00000, 0x00000000abc00000, 0x00000000abc00000|100%| E|CS|TAMS 0x00000000abb00000| PB 0x00000000abb00000| Complete 
| 188|0x00000000abc00000, 0x00000000abd00000, 0x00000000abd00000|100%| E|CS|TAMS 0x00000000abc00000| PB 0x00000000abc00000| Complete 
| 189|0x00000000abd00000, 0x00000000abe00000, 0x00000000abe00000|100%| E|CS|TAMS 0x00000000abd00000| PB 0x00000000abd00000| Complete 
| 190|0x00000000abe00000, 0x00000000abf00000, 0x00000000abf00000|100%| E|CS|TAMS 0x00000000abe00000| PB 0x00000000abe00000| Complete 
| 191|0x00000000abf00000, 0x00000000ac000000, 0x00000000ac000000|100%| E|CS|TAMS 0x00000000abf00000| PB 0x00000000abf00000| Complete 
|1526|0x00000000ff600000, 0x00000000ff700000, 0x00000000ff700000|100%| E|CS|TAMS 0x00000000ff600000| PB 0x00000000ff600000| Complete 
|1527|0x00000000ff700000, 0x00000000ff800000, 0x00000000ff800000|100%| O|  |TAMS 0x00000000ff800000| PB 0x00000000ff700000| Untracked 
|1528|0x00000000ff800000, 0x00000000ff900000, 0x00000000ff900000|100%| O|  |TAMS 0x00000000ff900000| PB 0x00000000ff800000| Untracked 
|1529|0x00000000ff900000, 0x00000000ffa00000, 0x00000000ffa00000|100%| O|  |TAMS 0x00000000ffa00000| PB 0x00000000ff900000| Untracked 
|1530|0x00000000ffa00000, 0x00000000ffb00000, 0x00000000ffb00000|100%| O|  |TAMS 0x00000000ffb00000| PB 0x00000000ffa00000| Untracked 
|1531|0x00000000ffb00000, 0x00000000ffc00000, 0x00000000ffc00000|100%| O|  |TAMS 0x00000000ffc00000| PB 0x00000000ffb00000| Untracked 
|1532|0x00000000ffc00000, 0x00000000ffd00000, 0x00000000ffd00000|100%| E|CS|TAMS 0x00000000ffc00000| PB 0x00000000ffc00000| Complete 
|1533|0x00000000ffd00000, 0x00000000ffe00000, 0x00000000ffe00000|100%| E|CS|TAMS 0x00000000ffd00000| PB 0x00000000ffd00000| Complete 
|1534|0x00000000ffe00000, 0x00000000fff00000, 0x00000000fff00000|100%| E|CS|TAMS 0x00000000ffe00000| PB 0x00000000ffe00000| Complete 
|1535|0x00000000fff00000, 0x0000000100000000, 0x0000000100000000|100%| O|  |TAMS 0x0000000100000000| PB 0x00000000fff00000| Untracked 

Card table byte_map: [0x000001eceef30000,0x000001ecef230000] _byte_map_base: 0x000001eceea30000

Marking Bits: (CMBitMap*) 0x000001ecdcb250d0
 Bits: [0x000001ecef230000, 0x000001ecf0a30000)

Polling page: 0x000001ecdc250000

Metaspace:

Usage:
  Non-class:     87.96 MB used.
      Class:     13.89 MB used.
       Both:    101.85 MB used.

Virtual space:
  Non-class space:      128.00 MB reserved,      89.00 MB ( 70%) committed,  2 nodes.
      Class space:        1.00 GB reserved,      15.00 MB (  1%) committed,  1 nodes.
             Both:        1.12 GB reserved,     104.00 MB (  9%) committed. 

Chunk freelists:
   Non-Class:  6.52 MB
       Class:  988.00 KB
        Both:  7.49 MB

MaxMetaspaceSize: unlimited
CompressedClassSpaceSize: 1.00 GB
Initial GC threshold: 21.00 MB
Current GC threshold: 156.06 MB
CDS: off
 - commit_granule_bytes: 65536.
 - commit_granule_words: 8192.
 - virtual_space_node_default_size: 8388608.
 - enlarge_chunks_in_place: 1.
 - use_allocation_guard: 0.


Internal statistics:

num_allocs_failed_limit: 3.
num_arena_births: 4106.
num_arena_deaths: 0.
num_vsnodes_births: 3.
num_vsnodes_deaths: 0.
num_space_committed: 1664.
num_space_uncommitted: 0.
num_chunks_returned_to_freelist: 3.
num_chunks_taken_from_freelist: 8547.
num_chunk_merges: 3.
num_chunk_splits: 5574.
num_chunks_enlarged: 3529.
num_inconsistent_stats: 0.

CodeHeap 'non-profiled nmethods': size=120000Kb used=5583Kb max_used=5583Kb free=114416Kb
 bounds [0x000001ece7700000, 0x000001ece7c80000, 0x000001eceec30000]
CodeHeap 'profiled nmethods': size=120000Kb used=17607Kb max_used=17607Kb free=102392Kb
 bounds [0x000001ecdfc30000, 0x000001ece0d70000, 0x000001ece7160000]
CodeHeap 'non-nmethods': size=5760Kb used=3142Kb max_used=3157Kb free=2617Kb
 bounds [0x000001ece7160000, 0x000001ece7480000, 0x000001ece7700000]
 total_blobs=10477 nmethods=9491 adapters=889
 compilation: enabled
              stopped_count=0, restarted_count=0
 full_count=0

Compilation events (20 events):
Event: 15.946 Thread 0x000001ecfde38380 nmethod 11033 0x000001ece7c72090 code [0x000001ece7c72220, 0x000001ece7c722a8]
Event: 15.948 Thread 0x000001ecf3102710 11034       3       java.io.ObjectOutputStream$BlockDataOutputStream::drain (45 bytes)
Event: 15.948 Thread 0x000001ecf3100690 nmethod 11032 0x000001ece7c72390 code [0x000001ece7c725c0, 0x000001ece7c72f98]
Event: 15.949 Thread 0x000001ecf3102710 nmethod 11034 0x000001ece0d4dc10 code [0x000001ece0d4dde0, 0x000001ece0d4e0a0]
Event: 15.951 Thread 0x000001ecfde38380 11035       4       org.objectweb.asm.MethodWriter::visitJumpInsn (495 bytes)
Event: 15.953 Thread 0x000001ecf3100690 11036       4       org.gradle.api.internal.attributes.DefaultImmutableAttributesFactory::lambda$doConcatIsolatable$0 (118 bytes)
Event: 15.955 Thread 0x000001ecf3102710 11037       3       java.util.LinkedList::checkElementIndex (22 bytes)
Event: 15.956 Thread 0x000001ecf3102710 nmethod 11037 0x000001ece0d4e190 code [0x000001ece0d4e400, 0x000001ece0d4ecc0]
Event: 15.964 Thread 0x000001ecf3102710 11038       3       kotlin.collections.CollectionsKt___CollectionsKt::firstOrNull (27 bytes)
Event: 15.965 Thread 0x000001ecf3102710 nmethod 11038 0x000001ece0d4f090 code [0x000001ece0d4f2e0, 0x000001ece0d4fa20]
Event: 15.965 Thread 0x000001ecf3102710 11039       1       org.jetbrains.kotlin.gradle.plugin.KotlinPluginLifecycleImpl::getStage (5 bytes)
Event: 15.965 Thread 0x000001ecf3102710 nmethod 11039 0x000001ece7c73490 code [0x000001ece7c73620, 0x000001ece7c736e8]
Event: 15.967 Thread 0x000001ecf3102710 11040       3       org.gradle.model.internal.type.ModelType$Simple::<init> (10 bytes)
Event: 15.968 Thread 0x000001ecf3102710 nmethod 11040 0x000001ece0d4fc90 code [0x000001ece0d4fe60, 0x000001ece0d50178]
Event: 15.968 Thread 0x000001ecf3102710 11041       3       org.gradle.model.internal.type.ModelType::access$000 (5 bytes)
Event: 15.968 Thread 0x000001ecf3102710 nmethod 11041 0x000001ece0d50310 code [0x000001ece0d504c0, 0x000001ece0d505d8]
Event: 15.974 Thread 0x000001ecf3102710 11042       3       org.gradle.api.internal.artifacts.configurations.DefaultConfiguration::withDependencies (21 bytes)
Event: 15.975 Thread 0x000001ecf3102710 nmethod 11042 0x000001ece0d50690 code [0x000001ece0d50860, 0x000001ece0d50b48]
Event: 15.976 Thread 0x000001ecf3102710 11043       3       kotlin.collections.CollectionsKt___CollectionsKt::joinToString (72 bytes)
Event: 15.979 Thread 0x000001ecf3102710 nmethod 11043 0x000001ece0d50c90 code [0x000001ece0d510e0, 0x000001ece0d52b78]

GC Heap History (20 events):
Event: 10.244 GC heap before
{Heap before GC invocations=26 (full 0):
 garbage-first heap   total 152576K, used 134212K [0x00000000a0000000, 0x0000000100000000)
  region size 1024K, 56 young (57344K), 8 survivors (8192K)
 Metaspace       used 73135K, committed 74944K, reserved 1114112K
  class space    used 9921K, committed 10816K, reserved 1048576K
}
Event: 10.255 GC heap after
{Heap after GC invocations=27 (full 0):
 garbage-first heap   total 152576K, used 86599K [0x00000000a0000000, 0x0000000100000000)
  region size 1024K, 4 young (4096K), 4 survivors (4096K)
 Metaspace       used 73135K, committed 74944K, reserved 1114112K
  class space    used 9921K, committed 10816K, reserved 1048576K
}
Event: 10.510 GC heap before
{Heap before GC invocations=27 (full 0):
 garbage-first heap   total 152576K, used 137799K [0x00000000a0000000, 0x0000000100000000)
  region size 1024K, 55 young (56320K), 4 survivors (4096K)
 Metaspace       used 73152K, committed 74944K, reserved 1114112K
  class space    used 9921K, committed 10816K, reserved 1048576K
}
Event: 10.515 GC heap after
{Heap after GC invocations=28 (full 0):
 garbage-first heap   total 152576K, used 87338K [0x00000000a0000000, 0x0000000100000000)
  region size 1024K, 5 young (5120K), 5 survivors (5120K)
 Metaspace       used 73152K, committed 74944K, reserved 1114112K
  class space    used 9921K, committed 10816K, reserved 1048576K
}
Event: 10.874 GC heap before
{Heap before GC invocations=29 (full 0):
 garbage-first heap   total 152576K, used 150826K [0x00000000a0000000, 0x0000000100000000)
  region size 1024K, 54 young (55296K), 5 survivors (5120K)
 Metaspace       used 74388K, committed 76224K, reserved 1179648K
  class space    used 10075K, committed 10944K, reserved 1048576K
}
Event: 10.881 GC heap after
{Heap after GC invocations=30 (full 0):
 garbage-first heap   total 165888K, used 109450K [0x00000000a0000000, 0x0000000100000000)
  region size 1024K, 7 young (7168K), 7 survivors (7168K)
 Metaspace       used 74388K, committed 76224K, reserved 1179648K
  class space    used 10075K, committed 10944K, reserved 1048576K
}
Event: 11.232 GC heap before
{Heap before GC invocations=30 (full 0):
 garbage-first heap   total 165888K, used 149386K [0x00000000a0000000, 0x0000000100000000)
  region size 1024K, 46 young (47104K), 7 survivors (7168K)
 Metaspace       used 78017K, committed 79872K, reserved 1179648K
  class space    used 10467K, committed 11392K, reserved 1048576K
}
Event: 11.238 GC heap after
{Heap after GC invocations=31 (full 0):
 garbage-first heap   total 165888K, used 108813K [0x00000000a0000000, 0x0000000100000000)
  region size 1024K, 2 young (2048K), 2 survivors (2048K)
 Metaspace       used 78017K, committed 79872K, reserved 1179648K
  class space    used 10467K, committed 11392K, reserved 1048576K
}
Event: 11.770 GC heap before
{Heap before GC invocations=31 (full 0):
 garbage-first heap   total 165888K, used 147725K [0x00000000a0000000, 0x0000000100000000)
  region size 1024K, 41 young (41984K), 2 survivors (2048K)
 Metaspace       used 82809K, committed 84800K, reserved 1179648K
  class space    used 11141K, committed 12096K, reserved 1048576K
}
Event: 11.774 GC heap after
{Heap after GC invocations=32 (full 0):
 garbage-first heap   total 165888K, used 111669K [0x00000000a0000000, 0x0000000100000000)
  region size 1024K, 4 young (4096K), 4 survivors (4096K)
 Metaspace       used 82809K, committed 84800K, reserved 1179648K
  class space    used 11141K, committed 12096K, reserved 1048576K
}
Event: 12.217 GC heap before
{Heap before GC invocations=33 (full 0):
 garbage-first heap   total 196608K, used 154677K [0x00000000a0000000, 0x0000000100000000)
  region size 1024K, 41 young (41984K), 4 survivors (4096K)
 Metaspace       used 84747K, committed 86720K, reserved 1179648K
  class space    used 11413K, committed 12416K, reserved 1048576K
}
Event: 12.225 GC heap after
{Heap after GC invocations=34 (full 0):
 garbage-first heap   total 196608K, used 115802K [0x00000000a0000000, 0x0000000100000000)
  region size 1024K, 6 young (6144K), 6 survivors (6144K)
 Metaspace       used 84747K, committed 86720K, reserved 1179648K
  class space    used 11413K, committed 12416K, reserved 1048576K
}
Event: 12.839 GC heap before
{Heap before GC invocations=34 (full 0):
 garbage-first heap   total 196608K, used 170074K [0x00000000a0000000, 0x0000000100000000)
  region size 1024K, 59 young (60416K), 6 survivors (6144K)
 Metaspace       used 90046K, committed 92032K, reserved 1179648K
  class space    used 12081K, committed 13120K, reserved 1048576K
}
Event: 12.849 GC heap after
{Heap after GC invocations=35 (full 0):
 garbage-first heap   total 196608K, used 118046K [0x00000000a0000000, 0x0000000100000000)
  region size 1024K, 3 young (3072K), 3 survivors (3072K)
 Metaspace       used 90046K, committed 92032K, reserved 1179648K
  class space    used 12081K, committed 13120K, reserved 1048576K
}
Event: 13.340 GC heap before
{Heap before GC invocations=35 (full 0):
 garbage-first heap   total 196608K, used 162078K [0x00000000a0000000, 0x0000000100000000)
  region size 1024K, 47 young (48128K), 3 survivors (3072K)
 Metaspace       used 93465K, committed 95488K, reserved 1179648K
  class space    used 12539K, committed 13568K, reserved 1048576K
}
Event: 13.345 GC heap after
{Heap after GC invocations=36 (full 0):
 garbage-first heap   total 196608K, used 119646K [0x00000000a0000000, 0x0000000100000000)
  region size 1024K, 5 young (5120K), 5 survivors (5120K)
 Metaspace       used 93465K, committed 95488K, reserved 1179648K
  class space    used 12539K, committed 13568K, reserved 1048576K
}
Event: 14.475 GC heap before
{Heap before GC invocations=37 (full 0):
 garbage-first heap   total 206848K, used 179038K [0x00000000a0000000, 0x0000000100000000)
  region size 1024K, 60 young (61440K), 5 survivors (5120K)
 Metaspace       used 95656K, committed 97728K, reserved 1179648K
  class space    used 12846K, committed 13888K, reserved 1048576K
}
Event: 14.485 GC heap after
{Heap after GC invocations=38 (full 0):
 garbage-first heap   total 206848K, used 128039K [0x00000000a0000000, 0x0000000100000000)
  region size 1024K, 7 young (7168K), 7 survivors (7168K)
 Metaspace       used 95656K, committed 97728K, reserved 1179648K
  class space    used 12846K, committed 13888K, reserved 1048576K
}
Event: 15.240 GC heap before
{Heap before GC invocations=38 (full 0):
 garbage-first heap   total 206848K, used 185383K [0x00000000a0000000, 0x0000000100000000)
  region size 1024K, 63 young (64512K), 7 survivors (7168K)
 Metaspace       used 100021K, committed 102144K, reserved 1179648K
  class space    used 13532K, committed 14592K, reserved 1048576K
}
Event: 15.251 GC heap after
{Heap after GC invocations=39 (full 0):
 garbage-first heap   total 206848K, used 129623K [0x00000000a0000000, 0x0000000100000000)
  region size 1024K, 3 young (3072K), 3 survivors (3072K)
 Metaspace       used 100021K, committed 102144K, reserved 1179648K
  class space    used 13532K, committed 14592K, reserved 1048576K
}

Dll operation events (3 events):
Event: 0.007 Loaded shared library D:\Android Studio\jbr\bin\java.dll
Event: 0.011 Loaded shared library D:\Android Studio\jbr\bin\zip.dll
Event: 0.441 Loaded shared library D:\Android Studio\jbr\bin\verify.dll

Deoptimization events (20 events):
Event: 15.513 Thread 0x000001ecf9210da0 Uncommon trap: trap_request=0xffffffde fr.pc=0x000001ece7aa2e94 relative=0x0000000000000074
Event: 15.513 Thread 0x000001ecf9210da0 Uncommon trap: reason=class_check action=maybe_recompile pc=0x000001ece7aa2e94 method=java.lang.invoke.Invokers$Holder.linkToTargetMethod(Ljava/lang/Object;Ljava/lang/Object;Ljava/lang/Object;Ljava/lang/Object;)Ljava/lang/Object; @ 1 c2
Event: 15.513 Thread 0x000001ecf9210da0 DEOPT PACKING pc=0x000001ece7aa2e94 sp=0x000000cabeff8330
Event: 15.513 Thread 0x000001ecf9210da0 DEOPT UNPACKING pc=0x000001ece71b7da2 sp=0x000000cabeff82c0 mode 2
Event: 15.514 Thread 0x000001ecf9210da0 Uncommon trap: trap_request=0xffffffde fr.pc=0x000001ece7aa2e94 relative=0x0000000000000074
Event: 15.514 Thread 0x000001ecf9210da0 Uncommon trap: reason=class_check action=maybe_recompile pc=0x000001ece7aa2e94 method=java.lang.invoke.Invokers$Holder.linkToTargetMethod(Ljava/lang/Object;Ljava/lang/Object;Ljava/lang/Object;Ljava/lang/Object;)Ljava/lang/Object; @ 1 c2
Event: 15.514 Thread 0x000001ecf9210da0 DEOPT PACKING pc=0x000001ece7aa2e94 sp=0x000000cabeff8330
Event: 15.514 Thread 0x000001ecf9210da0 DEOPT UNPACKING pc=0x000001ece71b7da2 sp=0x000000cabeff82c0 mode 2
Event: 15.715 Thread 0x000001ecf9210da0 Uncommon trap: trap_request=0xffffff45 fr.pc=0x000001ece7814740 relative=0x00000000000000a0
Event: 15.715 Thread 0x000001ecf9210da0 Uncommon trap: reason=unstable_if action=reinterpret pc=0x000001ece7814740 method=java.lang.invoke.LambdaForm$BasicType.basicType(C)Ljava/lang/invoke/LambdaForm$BasicType; @ 1 c2
Event: 15.715 Thread 0x000001ecf9210da0 DEOPT PACKING pc=0x000001ece7814740 sp=0x000000cabeff70f0
Event: 15.715 Thread 0x000001ecf9210da0 DEOPT UNPACKING pc=0x000001ece71b7da2 sp=0x000000cabeff7090 mode 2
Event: 15.723 Thread 0x000001ecf9210da0 Uncommon trap: trap_request=0xffffff45 fr.pc=0x000001ece7910300 relative=0x0000000000000060
Event: 15.723 Thread 0x000001ecf9210da0 Uncommon trap: reason=unstable_if action=reinterpret pc=0x000001ece7910300 method=java.lang.StringConcatHelper.stringOf(Ljava/lang/Object;)Ljava/lang/String; @ 1 c2
Event: 15.723 Thread 0x000001ecf9210da0 DEOPT PACKING pc=0x000001ece7910300 sp=0x000000cabeff8070
Event: 15.723 Thread 0x000001ecf9210da0 DEOPT UNPACKING pc=0x000001ece71b7da2 sp=0x000000cabeff8000 mode 2
Event: 15.904 Thread 0x000001ecf9210da0 Uncommon trap: trap_request=0xffffff45 fr.pc=0x000001ece7acc1c8 relative=0x0000000000000c28
Event: 15.904 Thread 0x000001ecf9210da0 Uncommon trap: reason=unstable_if action=reinterpret pc=0x000001ece7acc1c8 method=groovy.lang.MetaClassImpl.checkIfStdMethod(Lgroovy/lang/MetaMethod;)V @ 78 c2
Event: 15.904 Thread 0x000001ecf9210da0 DEOPT PACKING pc=0x000001ece7acc1c8 sp=0x000000cabeff7870
Event: 15.904 Thread 0x000001ecf9210da0 DEOPT UNPACKING pc=0x000001ece71b7da2 sp=0x000000cabeff7828 mode 2

Classes loaded (20 events):
Event: 12.813 Loading class javax/management/JMException
Event: 12.813 Loading class javax/management/JMException done
Event: 12.813 Loading class javax/management/OperationsException done
Event: 12.813 Loading class javax/management/ListenerNotFoundException done
Event: 12.813 Loading class jdk/jfr/FlightRecorder
Event: 12.813 Loading class jdk/jfr/FlightRecorder done
Event: 12.813 Loading class jdk/management/jfr/FlightRecorderMXBeanImpl$MXBeanListener
Event: 12.813 Loading class jdk/jfr/FlightRecorderListener
Event: 12.813 Loading class jdk/jfr/FlightRecorderListener done
Event: 12.814 Loading class jdk/management/jfr/FlightRecorderMXBeanImpl$MXBeanListener done
Event: 12.866 Loading class com/sun/jmx/mbeanserver/StandardMBeanSupport
Event: 12.866 Loading class com/sun/jmx/mbeanserver/StandardMBeanSupport done
Event: 12.866 Loading class com/sun/jmx/mbeanserver/StandardMBeanIntrospector
Event: 12.866 Loading class com/sun/jmx/mbeanserver/StandardMBeanIntrospector done
Event: 14.868 Loading class sun/reflect/generics/repository/FieldRepository
Event: 14.868 Loading class sun/reflect/generics/repository/FieldRepository done
Event: 14.949 Loading class java/util/regex/Pattern$Caret
Event: 14.949 Loading class java/util/regex/Pattern$Caret done
Event: 15.509 Loading class java/lang/invoke/BoundMethodHandle$Species_LLLJ
Event: 15.510 Loading class java/lang/invoke/BoundMethodHandle$Species_LLLJ done

Classes unloaded (0 events):
No events

Classes redefined (0 events):
No events

Internal exceptions (20 events):
Event: 13.526 Thread 0x000001ecf9210da0 Exception <a 'java/lang/ClassNotFoundException'{0x00000000abd934f0}: org/jetbrains/kotlin/gradle/targets/js/npm/DefaultDevNpmDependencyExtensionBeanInfo> (0x00000000abd934f0) 
thrown [s\src\hotspot\share\classfile\systemDictionary.cpp, line 312]
Event: 13.530 Thread 0x000001ecf9210da0 Exception <a 'java/lang/ClassNotFoundException'{0x00000000abda3338}: org/jetbrains/kotlin/gradle/targets/js/npm/DefaultDevNpmDependencyExtensionCustomizer> (0x00000000abda3338) 
thrown [s\src\hotspot\share\classfile\systemDictionary.cpp, line 312]
Event: 13.534 Thread 0x000001ecf9210da0 Exception <a 'java/lang/ClassNotFoundException'{0x00000000abdef498}: org/jetbrains/kotlin/gradle/targets/js/npm/DefaultPeerNpmDependencyExtensionBeanInfo> (0x00000000abdef498) 
thrown [s\src\hotspot\share\classfile\systemDictionary.cpp, line 312]
Event: 13.535 Thread 0x000001ecf9210da0 Exception <a 'java/lang/ClassNotFoundException'{0x00000000abdff348}: org/jetbrains/kotlin/gradle/targets/js/npm/DefaultPeerNpmDependencyExtensionCustomizer> (0x00000000abdff348) 
thrown [s\src\hotspot\share\classfile\systemDictionary.cpp, line 312]
Event: 13.539 Thread 0x000001ecf9210da0 Exception <a 'java/lang/ClassNotFoundException'{0x00000000abc54448}: org/jetbrains/kotlin/gradle/targets/js/npm/DefaultPeerNpmDependencyExtension$delegate$1BeanInfo> (0x00000000abc54448) 
thrown [s\src\hotspot\share\classfile\systemDictionary.cpp, line 312]
Event: 13.540 Thread 0x000001ecf9210da0 Exception <a 'java/lang/ClassNotFoundException'{0x00000000abc64718}: org/jetbrains/kotlin/gradle/targets/js/npm/DefaultPeerNpmDependencyExtension$delegate$1Customizer> (0x00000000abc64718) 
thrown [s\src\hotspot\share\classfile\systemDictionary.cpp, line 312]
Event: 13.553 Thread 0x000001ecf9210da0 Exception <a 'java/lang/NoSuchMethodError'{0x00000000abb1efc8}: static Lorg/jetbrains/kotlin/gradle/plugin/internal/DefaultIdeaSyncDetector$createIdeaPropertiesEvaluator$1;.<clinit>()V> (0x00000000abb1efc8) 
thrown [s\src\hotspot\share\prims\jni.cpp, line 1135]
Event: 14.284 Thread 0x000001ecf9210da0 Exception <a 'java/lang/NoSuchMethodError'{0x00000000a93148b0}: 'int java.lang.invoke.DirectMethodHandle$Holder.invokeSpecialIFC(java.lang.Object, java.lang.Object, java.lang.Object, java.lang.Object, java.lang.Object)'> (0x00000000a93148b0) 
thrown [s\src\hotspot\share\interpreter\linkResolver.cpp, line 784]
Event: 14.692 Thread 0x000001ecf9210da0 Exception <a 'java/lang/NoSuchMethodError'{0x00000000ab8e2f90}: 'java.lang.Object java.lang.invoke.DirectMethodHandle$Holder.newInvokeSpecial(java.lang.Object, java.lang.Object, java.lang.Object, java.lang.Object, java.lang.Object, java.lang.Object, java.lang.Object, java.lang.Object, java.lang.Object, java.lang.Object, java.lang.Object, java.lang.Object, java.lang.Object, java.lang.Object)'> (0x00000000ab8e2f90) 
thrown [s\src\hotspot\share\interpreter\linkResolver.cpp, line 784]
Event: 15.586 Thread 0x000001ecf9210da0 Exception <a 'java/lang/NoSuchMethodError'{0x00000000aababa98}: 'java.lang.Object java.lang.invoke.Invokers$Holder.invokeExact_MT(java.lang.Object, java.lang.Object, java.lang.Object, int, java.lang.Object, java.lang.Object)'> (0x00000000aababa98) 
thrown [s\src\hotspot\share\interpreter\linkResolver.cpp, line 784]
Event: 15.808 Thread 0x000001ecf9210da0 Exception <a 'java/lang/ClassNotFoundException'{0x00000000a9988590}: com/android/build/gradle/internal/api/ApkVariantOutputImpl_DecoratedBeanInfo> (0x00000000a9988590) 
thrown [s\src\hotspot\share\classfile\systemDictionary.cpp, line 312]
Event: 15.809 Thread 0x000001ecf9210da0 Exception <a 'java/lang/ClassNotFoundException'{0x00000000a99964d0}: com/android/build/gradle/internal/api/ApkVariantOutputImplBeanInfo> (0x00000000a99964d0) 
thrown [s\src\hotspot\share\classfile\systemDictionary.cpp, line 312]
Event: 15.810 Thread 0x000001ecf9210da0 Exception <a 'java/lang/ClassNotFoundException'{0x00000000a99a4430}: com/android/build/gradle/internal/api/BaseVariantOutputImplBeanInfo> (0x00000000a99a4430) 
thrown [s\src\hotspot\share\classfile\systemDictionary.cpp, line 312]
Event: 15.810 Thread 0x000001ecf9210da0 Exception <a 'java/lang/ClassNotFoundException'{0x00000000a99b2380}: com/android/build/gradle/internal/api/BaseVariantOutputImplCustomizer> (0x00000000a99b2380) 
thrown [s\src\hotspot\share\classfile\systemDictionary.cpp, line 312]
Event: 15.820 Thread 0x000001ecf9210da0 Exception <a 'java/lang/ClassNotFoundException'{0x00000000a99d3580}: com/android/build/gradle/internal/api/ApkVariantOutputImplCustomizer> (0x00000000a99d3580) 
thrown [s\src\hotspot\share\classfile\systemDictionary.cpp, line 312]
Event: 15.821 Thread 0x000001ecf9210da0 Exception <a 'java/lang/ClassNotFoundException'{0x00000000a99efb60}: com/android/build/gradle/internal/api/ApkVariantOutputImpl_DecoratedCustomizer> (0x00000000a99efb60) 
thrown [s\src\hotspot\share\classfile\systemDictionary.cpp, line 312]
Event: 15.904 Thread 0x000001ecf9210da0 Exception <a 'java/lang/ClassNotFoundException'{0x00000000a90048b8}: com/android/build/gradle/internal/api/ReadOnlyBuildTypeBeanInfo> (0x00000000a90048b8) 
thrown [s\src\hotspot\share\classfile\systemDictionary.cpp, line 312]
Event: 15.905 Thread 0x000001ecf9210da0 Exception <a 'java/lang/ClassNotFoundException'{0x00000000a9013d18}: com/android/build/gradle/internal/api/ReadOnlyBaseConfigBeanInfo> (0x00000000a9013d18) 
thrown [s\src\hotspot\share\classfile\systemDictionary.cpp, line 312]
Event: 15.905 Thread 0x000001ecf9210da0 Exception <a 'java/lang/ClassNotFoundException'{0x00000000a9023448}: com/android/build/gradle/internal/api/ReadOnlyBaseConfigCustomizer> (0x00000000a9023448) 
thrown [s\src\hotspot\share\classfile\systemDictionary.cpp, line 312]
Event: 15.906 Thread 0x000001ecf9210da0 Exception <a 'java/lang/ClassNotFoundException'{0x00000000a9042aa0}: com/android/build/gradle/internal/api/ReadOnlyBuildTypeCustomizer> (0x00000000a9042aa0) 
thrown [s\src\hotspot\share\classfile\systemDictionary.cpp, line 312]

ZGC Phase Switch (0 events):
No events

VM Operations (20 events):
Event: 12.902 Executing VM operation: HandshakeAllThreads (Deoptimize)
Event: 12.902 Executing VM operation: HandshakeAllThreads (Deoptimize) done
Event: 13.063 Executing VM operation: HandshakeAllThreads (Deoptimize)
Event: 13.063 Executing VM operation: HandshakeAllThreads (Deoptimize) done
Event: 13.340 Executing VM operation: G1TryInitiateConcMark (G1 Humongous Allocation)
Event: 13.345 Executing VM operation: G1TryInitiateConcMark (G1 Humongous Allocation) done
Event: 13.475 Executing VM operation: G1PauseRemark
Event: 13.481 Executing VM operation: G1PauseRemark done
Event: 13.535 Executing VM operation: G1PauseCleanup
Event: 13.535 Executing VM operation: G1PauseCleanup done
Event: 14.212 Executing VM operation: ICBufferFull
Event: 14.212 Executing VM operation: ICBufferFull done
Event: 14.475 Executing VM operation: G1CollectForAllocation (G1 Evacuation Pause)
Event: 14.485 Executing VM operation: G1CollectForAllocation (G1 Evacuation Pause) done
Event: 14.600 Executing VM operation: HandshakeAllThreads (Deoptimize)
Event: 14.601 Executing VM operation: HandshakeAllThreads (Deoptimize) done
Event: 15.240 Executing VM operation: G1CollectForAllocation (G1 Evacuation Pause)
Event: 15.251 Executing VM operation: G1CollectForAllocation (G1 Evacuation Pause) done
Event: 15.948 Executing VM operation: ICBufferFull
Event: 15.948 Executing VM operation: ICBufferFull done

Memory protections (0 events):
No events

Nmethod flushes (20 events):
Event: 13.480 Thread 0x000001ecf2f02ee0 flushing  nmethod 0x000001ecdff61510
Event: 13.480 Thread 0x000001ecf2f02ee0 flushing  nmethod 0x000001ece0040510
Event: 13.480 Thread 0x000001ecf2f02ee0 flushing  nmethod 0x000001ece0086590
Event: 13.480 Thread 0x000001ecf2f02ee0 flushing  nmethod 0x000001ece01da710
Event: 13.480 Thread 0x000001ecf2f02ee0 flushing  nmethod 0x000001ece01dab10
Event: 13.480 Thread 0x000001ecf2f02ee0 flushing  nmethod 0x000001ece0202810
Event: 13.480 Thread 0x000001ecf2f02ee0 flushing  nmethod 0x000001ece0203690
Event: 13.480 Thread 0x000001ecf2f02ee0 flushing  nmethod 0x000001ece0204e90
Event: 13.480 Thread 0x000001ecf2f02ee0 flushing  nmethod 0x000001ece0251f90
Event: 13.480 Thread 0x000001ecf2f02ee0 flushing  nmethod 0x000001ece02e2990
Event: 13.480 Thread 0x000001ecf2f02ee0 flushing  nmethod 0x000001ece03cb590
Event: 13.480 Thread 0x000001ecf2f02ee0 flushing  nmethod 0x000001ece0435590
Event: 13.480 Thread 0x000001ecf2f02ee0 flushing  nmethod 0x000001ece04b8f10
Event: 13.480 Thread 0x000001ecf2f02ee0 flushing  nmethod 0x000001ece04c0190
Event: 13.480 Thread 0x000001ecf2f02ee0 flushing  nmethod 0x000001ece04eb590
Event: 13.480 Thread 0x000001ecf2f02ee0 flushing  nmethod 0x000001ece04ecb90
Event: 13.480 Thread 0x000001ecf2f02ee0 flushing  nmethod 0x000001ece0526790
Event: 13.480 Thread 0x000001ecf2f02ee0 flushing  nmethod 0x000001ece0689310
Event: 13.480 Thread 0x000001ecf2f02ee0 flushing  nmethod 0x000001ece0ad1790
Event: 13.480 Thread 0x000001ecf2f02ee0 flushing  nmethod 0x000001ece0ad1d10

Events (20 events):
Event: 6.823 Thread 0x000001ecf9210da0 Thread added: 0x000001ecfc082d10
Event: 7.313 Thread 0x000001ecf3103b80 Thread exited: 0x000001ecf3103b80
Event: 8.252 Thread 0x000001ecf3102710 Thread added: 0x000001ecf31012a0
Event: 9.560 Thread 0x000001ecf9210da0 Thread added: 0x000001ecfc083a30
Event: 9.560 Thread 0x000001ecf9210da0 Thread added: 0x000001ecfc084750
Event: 9.560 Thread 0x000001ecf9210da0 Thread added: 0x000001ecfc081ff0
Event: 9.622 Thread 0x000001ecf9210da0 Thread added: 0x000001ecfc086820
Event: 9.624 Thread 0x000001ecf9210da0 Thread added: 0x000001ecfc0888f0
Event: 9.625 Thread 0x000001ecf9210da0 Thread added: 0x000001ecfc085b00
Event: 9.924 Thread 0x000001ecf9210da0 Thread added: 0x000001ecfc0840c0
Event: 9.925 Thread 0x000001ecf9210da0 Thread added: 0x000001ecfc082680
Event: 9.925 Thread 0x000001ecf9210da0 Thread added: 0x000001ecfc087bd0
Event: 11.555 Thread 0x000001ecf9210da0 Thread added: 0x000001ecfcf60750
Event: 12.630 Thread 0x000001ecf31012a0 Thread exited: 0x000001ecf31012a0
Event: 12.792 Thread 0x000001ecf3102710 Thread added: 0x000001ecfde31680
Event: 12.904 Thread 0x000001ecf9210da0 Thread added: 0x000001ecfcf5dff0
Event: 13.960 Thread 0x000001ecfde31680 Thread exited: 0x000001ecfde31680
Event: 14.188 Thread 0x000001ecf3100690 Thread added: 0x000001ecfde34d00
Event: 14.528 Thread 0x000001ecfde34d00 Thread exited: 0x000001ecfde34d00
Event: 14.905 Thread 0x000001ecf3102710 Thread added: 0x000001ecfde38380


Dynamic libraries:
0x00007ff7b7840000 - 0x00007ff7b784a000 	D:\Android Studio\jbr\bin\java.exe
0x00007ff98f220000 - 0x00007ff98f488000 	C:\WINDOWS\SYSTEM32\ntdll.dll
0x00007ff98e510000 - 0x00007ff98e5d9000 	C:\WINDOWS\System32\KERNEL32.DLL
0x00007ff98c460000 - 0x00007ff98c852000 	C:\WINDOWS\System32\KERNELBASE.dll
0x00007ff98ccb0000 - 0x00007ff98cdfb000 	C:\WINDOWS\System32\ucrtbase.dll
0x00007ff8eb3f0000 - 0x00007ff8eb408000 	D:\Android Studio\jbr\bin\jli.dll
0x00007ff940010000 - 0x00007ff94002b000 	D:\Android Studio\jbr\bin\VCRUNTIME140.dll
0x00007ff98eb30000 - 0x00007ff98ecf5000 	C:\WINDOWS\System32\USER32.dll
0x00007ff98c900000 - 0x00007ff98c927000 	C:\WINDOWS\System32\win32u.dll
0x00007ff98d440000 - 0x00007ff98d46b000 	C:\WINDOWS\System32\GDI32.dll
0x00007ff971540000 - 0x00007ff9717d3000 	C:\WINDOWS\WinSxS\amd64_microsoft.windows.common-controls_6595b64144ccf1df_6.0.26100.6899_none_3e0efeeae32e88c1\COMCTL32.dll
0x00007ff98f0f0000 - 0x00007ff98f199000 	C:\WINDOWS\System32\msvcrt.dll
0x00007ff98cec0000 - 0x00007ff98cfed000 	C:\WINDOWS\System32\gdi32full.dll
0x00007ff98c3b0000 - 0x00007ff98c453000 	C:\WINDOWS\System32\msvcp_win.dll
0x00007ff98d6a0000 - 0x00007ff98d6cf000 	C:\WINDOWS\System32\IMM32.DLL
0x00007ff979ba0000 - 0x00007ff979bac000 	D:\Android Studio\jbr\bin\vcruntime140_1.dll
0x00007ff8eacf0000 - 0x00007ff8ead7d000 	D:\Android Studio\jbr\bin\msvcp140.dll
0x00007ff8f3620000 - 0x00007ff8f42aa000 	D:\Android Studio\jbr\bin\server\jvm.dll
0x00007ff98f030000 - 0x00007ff98f0e4000 	C:\WINDOWS\System32\ADVAPI32.dll
0x00007ff98e5e0000 - 0x00007ff98e686000 	C:\WINDOWS\System32\sechost.dll
0x00007ff98d4f0000 - 0x00007ff98d608000 	C:\WINDOWS\System32\RPCRT4.dll
0x00007ff98df30000 - 0x00007ff98dfa4000 	C:\WINDOWS\System32\WS2_32.dll
0x00007ff98c210000 - 0x00007ff98c26e000 	C:\WINDOWS\SYSTEM32\POWRPROF.dll
0x00007ff97c5c0000 - 0x00007ff97c5f5000 	C:\WINDOWS\SYSTEM32\WINMM.dll
0x00007ff97ee20000 - 0x00007ff97ee2b000 	C:\WINDOWS\SYSTEM32\VERSION.dll
0x00007ff98c1f0000 - 0x00007ff98c204000 	C:\WINDOWS\SYSTEM32\UMPDC.dll
0x00007ff98b180000 - 0x00007ff98b19b000 	C:\WINDOWS\SYSTEM32\kernel.appcore.dll
0x00007ff94ea60000 - 0x00007ff94ea6a000 	D:\Android Studio\jbr\bin\jimage.dll
0x00007ff97ead0000 - 0x00007ff97ed12000 	C:\WINDOWS\SYSTEM32\DBGHELP.DLL
0x00007ff98e190000 - 0x00007ff98e50b000 	C:\WINDOWS\System32\combase.dll
0x00007ff98dfb0000 - 0x00007ff98e087000 	C:\WINDOWS\System32\OLEAUT32.dll
0x00007ff969f70000 - 0x00007ff969fac000 	C:\WINDOWS\SYSTEM32\dbgcore.DLL
0x00007ff98c860000 - 0x00007ff98c8f8000 	C:\WINDOWS\System32\bcryptPrimitives.dll
0x00007ff985430000 - 0x00007ff98543e000 	D:\Android Studio\jbr\bin\instrument.dll
0x00007ff930490000 - 0x00007ff9304b0000 	D:\Android Studio\jbr\bin\java.dll
0x00007ff92fa20000 - 0x00007ff92fa38000 	D:\Android Studio\jbr\bin\zip.dll
0x00007ff98d7e0000 - 0x00007ff98df2d000 	C:\WINDOWS\System32\SHELL32.dll
0x00007ff98c930000 - 0x00007ff98ca9b000 	C:\WINDOWS\System32\wintypes.dll
0x00007ff989fd0000 - 0x00007ff98a82d000 	C:\WINDOWS\SYSTEM32\windows.storage.dll
0x00007ff98d6e0000 - 0x00007ff98d7d2000 	C:\WINDOWS\System32\SHCORE.dll
0x00007ff98efc0000 - 0x00007ff98f022000 	C:\WINDOWS\System32\shlwapi.dll
0x00007ff98c2d0000 - 0x00007ff98c2f9000 	C:\WINDOWS\SYSTEM32\profapi.dll
0x00007ff92f2a0000 - 0x00007ff92f2b0000 	D:\Android Studio\jbr\bin\net.dll
0x00007ff986920000 - 0x00007ff986a3f000 	C:\WINDOWS\SYSTEM32\WINHTTP.dll
0x00007ff98b6f0000 - 0x00007ff98b75b000 	C:\WINDOWS\system32\mswsock.dll
0x00007ff92ec80000 - 0x00007ff92ec96000 	D:\Android Studio\jbr\bin\nio.dll
0x00007ff978eb0000 - 0x00007ff978ec0000 	D:\Android Studio\jbr\bin\verify.dll
0x00007ff8eb620000 - 0x00007ff8eb647000 	C:\Users\Huawei\.gradle\native\c067742578af261105cb4f569cf0c3c89f3d7b1fecec35dd04571415982c5e48\windows-amd64\native-platform.dll
0x00007ff931160000 - 0x00007ff9312a4000 	C:\Users\Huawei\.gradle\native\100fb08df4bc3b14c8652ba06237920a3bd2aa13389f12d3474272988ae205f9\windows-amd64\native-platform-file-events.dll
0x00007ff92e830000 - 0x00007ff92e839000 	D:\Android Studio\jbr\bin\management.dll
0x00007ff92e820000 - 0x00007ff92e82b000 	D:\Android Studio\jbr\bin\management_ext.dll
0x00007ff98e180000 - 0x00007ff98e188000 	C:\WINDOWS\System32\PSAPI.DLL
0x00007ff98b9a0000 - 0x00007ff98b9bb000 	C:\WINDOWS\SYSTEM32\CRYPTSP.dll
0x00007ff98b0e0000 - 0x00007ff98b11b000 	C:\WINDOWS\system32\rsaenh.dll
0x00007ff98b790000 - 0x00007ff98b7bb000 	C:\WINDOWS\SYSTEM32\USERENV.dll
0x00007ff98c2a0000 - 0x00007ff98c2c6000 	C:\WINDOWS\SYSTEM32\bcrypt.dll
0x00007ff98b9c0000 - 0x00007ff98b9cc000 	C:\WINDOWS\SYSTEM32\CRYPTBASE.dll
0x00007ff98abb0000 - 0x00007ff98abe4000 	C:\WINDOWS\SYSTEM32\IPHLPAPI.DLL
0x00007ff98f1d0000 - 0x00007ff98f1da000 	C:\WINDOWS\System32\NSI.dll
0x00007ff92ec10000 - 0x00007ff92ec19000 	D:\Android Studio\jbr\bin\extnet.dll
0x00007ff92f290000 - 0x00007ff92f298000 	C:\WINDOWS\system32\wshunix.dll

dbghelp: loaded successfully - version: 4.0.5 - missing functions: none
symbol engine: initialized successfully - sym options: 0x614 - pdb path: .;D:\Android Studio\jbr\bin;C:\WINDOWS\SYSTEM32;C:\WINDOWS\WinSxS\amd64_microsoft.windows.common-controls_6595b64144ccf1df_6.0.26100.6899_none_3e0efeeae32e88c1;D:\Android Studio\jbr\bin\server;C:\Users\Huawei\.gradle\native\c067742578af261105cb4f569cf0c3c89f3d7b1fecec35dd04571415982c5e48\windows-amd64;C:\Users\Huawei\.gradle\native\100fb08df4bc3b14c8652ba06237920a3bd2aa13389f12d3474272988ae205f9\windows-amd64

VM Arguments:
jvm_args: --add-opens=java.base/java.lang=ALL-UNNAMED --add-opens=java.base/java.lang.invoke=ALL-UNNAMED --add-opens=java.base/java.util=ALL-UNNAMED --add-opens=java.prefs/java.util.prefs=ALL-UNNAMED --add-exports=jdk.compiler/com.sun.tools.javac.api=ALL-UNNAMED --add-exports=jdk.compiler/com.sun.tools.javac.util=ALL-UNNAMED --add-opens=java.base/java.util=ALL-UNNAMED --add-opens=java.prefs/java.util.prefs=ALL-UNNAMED --add-opens=java.base/java.nio.charset=ALL-UNNAMED --add-opens=java.base/java.net=ALL-UNNAMED --add-opens=java.base/java.util.concurrent.atomic=ALL-UNNAMED --add-opens=java.xml/javax.xml.namespace=ALL-UNNAMED -Xmx1536M -Dfile.encoding=UTF-8 -Duser.country=RU -Duser.language=ru -Duser.variant -javaagent:C:\Users\Huawei\.gradle\wrapper\dists\gradle-8.11.1-bin\bpt9gzteqjrbo1mjrsomdt32c\gradle-8.11.1\lib\agents\gradle-instrumentation-agent-8.11.1.jar 
java_command: org.gradle.launcher.daemon.bootstrap.GradleDaemon 8.11.1
java_class_path (initial): C:\Users\Huawei\.gradle\wrapper\dists\gradle-8.11.1-bin\bpt9gzteqjrbo1mjrsomdt32c\gradle-8.11.1\lib\gradle-daemon-main-8.11.1.jar
Launcher Type: SUN_STANDARD

[Global flags]
     intx CICompilerCount                          = 3                                         {product} {ergonomic}
     uint ConcGCThreads                            = 1                                         {product} {ergonomic}
     uint G1ConcRefinementThreads                  = 4                                         {product} {ergonomic}
   size_t G1HeapRegionSize                         = 1048576                                   {product} {ergonomic}
    uintx GCDrainStackTargetSize                   = 64                                        {product} {ergonomic}
   size_t InitialHeapSize                          = 132120576                                 {product} {ergonomic}
   size_t MarkStackSize                            = 4194304                                   {product} {ergonomic}
   size_t MaxHeapSize                              = 1610612736                                {product} {command line}
   size_t MaxNewSize                               = 965738496                                 {product} {ergonomic}
   size_t MinHeapDeltaBytes                        = 1048576                                   {product} {ergonomic}
   size_t MinHeapSize                              = 8388608                                   {product} {ergonomic}
    uintx NonNMethodCodeHeapSize                   = 5832780                                {pd product} {ergonomic}
    uintx NonProfiledCodeHeapSize                  = 122912730                              {pd product} {ergonomic}
    uintx ProfiledCodeHeapSize                     = 122912730                              {pd product} {ergonomic}
    uintx ReservedCodeCacheSize                    = 251658240                              {pd product} {ergonomic}
     bool SegmentedCodeCache                       = true                                      {product} {ergonomic}
   size_t SoftMaxHeapSize                          = 1610612736                             {manageable} {ergonomic}
     bool UseCompressedOops                        = true                           {product lp64_product} {ergonomic}
     bool UseG1GC                                  = true                                      {product} {ergonomic}
     bool UseLargePagesIndividualAllocation        = false                                  {pd product} {ergonomic}

Logging:
Log output configuration:
 #0: stdout all=warning uptime,level,tags foldmultilines=false
 #1: stderr all=off uptime,level,tags foldmultilines=false

Environment Variables:
JAVA_HOME=C:\Program Files\Eclipse Adoptium\jdk-17.0.13.11-hotspot\
PATH=C:\Program Files\Eclipse Adoptium\jdk-17.0.13.11-hotspot\bin;C:\msys64\mingw64\bin;C:\Windows\System32\HWAudioDriverLibs;C:\Windows\system32;C:\Windows;C:\Windows\System32\Wbem;C:\Windows\System32\WindowsPowerShell\v1.0\;C:\Windows\System32\OpenSSH\;C:\Users\Administrator\AppData\Local\Microsoft\WindowsApps;C:\WINDOWS\system32;C:\WINDOWS;C:\WINDOWS\System32\Wbem;C:\WINDOWS\System32\WindowsPowerShell\v1.0\;C:\WINDOWS\System32\OpenSSH\;C:\Program Files\Microsoft SQL Server\150\Tools\Binn\;C:\Program Files\Microsoft SQL Server\130\Tools\Binn\;C:\Program Files (x86)\Microsoft SQL Server\160\Tools\Binn\;C:\Program Files\Microsoft SQL Server\160\Tools\Binn\;C:\Program Files\Microsoft SQL Server\Client SDK\ODBC\170\Tools\Binn\;C:\Program Files\Microsoft SQL Server\160\DTS\Binn\;C:\msys64\mingw64\bin;C:\w64devkit-2.1.0\contrib;C:\Program Files\dotnet\;C:\Users\Huawei\AppData\Local\Microsoft\WindowsApps;C:\Users\Huawei\.dotnet\tools;C:\msys64\mingw64\bin;D:\IntelliJ IDEA 2024.3.3\bin;;C:\Users\Huawei\AppData\Local\Programs\Microsoft VS Code\bin
USERNAME=Huawei
OS=Windows_NT
PROCESSOR_IDENTIFIER=Intel64 Family 6 Model 140 Stepping 1, GenuineIntel
TMP=C:\Users\Huawei\AppData\Local\Temp
TEMP=C:\Users\Huawei\AppData\Local\Temp




Periodic native trim disabled

JNI global refs:
JNI global refs: 29, weak refs: 2

JNI global refs memory usage: 835, weak refs: 833

Process memory usage:
Resident Set Size: 468588K (5% of 8183096K total physical memory with 1108056K free physical memory)

OOME stack traces (most recent first):
Classloader memory used:
Loader org.gradle.internal.classloader.VisitableURLClassLoader                         : 39656K
Loader bootstrap                                                                       : 27390K
Loader org.gradle.internal.classloader.VisitableURLClassLoader$InstrumentingVisitableURLClassLoader: 22972K
Loader org.gradle.initialization.MixInLegacyTypesClassLoader                           : 12001K
Loader org.gradle.internal.classloader.VisitableURLClassLoader                         : 997K
Loader jdk.internal.loader.ClassLoaders$PlatformClassLoader                            : 541K
Loader jdk.internal.reflect.DelegatingClassLoader                                      : 366K
Loader jdk.internal.loader.ClassLoaders$AppClassLoader                                 : 232K
Loader org.gradle.groovy.scripts.internal.DefaultScriptCompilationHandler$ScriptClassLoader: 88344B
Loader org.codehaus.groovy.runtime.callsite.CallSiteClassLoader                        : 49592B


[error occurred during error reporting (Classloader stats), id 0xe0000001, Out of Memory Error (s\src\hotspot\share\memory\arena.cpp:168)]
---------------  S Y S T E M  ---------------

OS:
 Windows 11 , 64 bit Build 26100 (10.0.26100.6725)
OS uptime: 0 days 1:48 hours
Hyper-V role detected

CPU: total 4 (initial active 4) (2 cores per cpu, 2 threads per core) family 6 model 140 stepping 1 microcode 0x8a, cx8, cmov, fxsr, ht, mmx, 3dnowpref, sse, sse2, sse3, ssse3, sse4.1, sse4.2, popcnt, lzcnt, tsc, tscinvbit, avx, avx2, aes, erms, clmul, bmi1, bmi2, adx, avx512f, avx512dq, avx512cd, avx512bw, avx512vl, sha, fma, vzeroupper, avx512_vpopcntdq, avx512_vpclmulqdq, avx512_vaes, avx512_vnni, clflush, clflushopt, clwb, avx512_vbmi2, avx512_vbmi, hv, rdtscp, rdpid, fsrm, gfni, avx512_bitalg, f16c, cet_ibt, cet_ss, avx512_ifma
Processor Information for all 4 processors :
  Max Mhz: 2995, Current Mhz: 2995, Mhz Limit: 2995

Memory: 4k page, system-wide physical 7991M (1081M free)
TotalPageFile size 11486M (AvailPageFile size 2M)
current process WorkingSet (physical memory assigned to process): 458M, peak: 474M
current process commit charge ("private bytes"): 486M, peak: 501M

vm_info: OpenJDK 64-Bit Server VM (21.0.5+-13047016-b750.29) for windows-amd64 JRE (21.0.5+-13047016-b750.29), built on 2025-02-11T21:12:39Z by "builder" with MS VC++ 16.10 / 16.11 (VS2019)

END.
